2022-12-04T10:28:42+00:00 CRITICAL Uncaught TypeError: get_card_by_customer_id(): Argument #1 ($customerId) must be of type string, null given, called in /var/www/wordpress/wp-content/themes/storefront-child/functions.php on line 144 and defined in /var/www/wordpress/wp-content/themes/storefront-child/functions.php:149
Stack trace:
#0 /var/www/wordpress/wp-content/themes/storefront-child/functions.php(144): get_card_by_customer_id(NULL)
#1 /var/www/wordpress/wp-content/themes/storefront-child/woocommerce/checkout/form-checkout.php(66): get_list_customer_id()
#2 /var/www/wordpress/wp-content/plugins/woocommerce/includes/wc-core-functions.php(345): include('/var/www/wordpr...')
#3 /var/www/wordpress/wp-content/plugins/woocommerce/includes/shortcodes/class-wc-shortcode-checkout.php(316): wc_get_template('checkout/form-c...', Array)
#4 /var/www/wordpress/wp-content/plugins/woocommerce/includes/shortcodes/class-wc-shortcode-checkout.php(67): WC_Shortcode_Checkout::checkout()
#5 /var/www/wordpress/wp-content/plugins/woocommerce/includes/class-wc-shortcodes.php(72): WC_Shortcode_Checkout::output('')
#6 /var/www/wordpress/wp-content/plugins/woocommerce/includes/class-wc-shortcodes.php(95): WC_Shortcodes::shortcode_wrapper(Array, '')
#7 /var/www/wordpress/wp-includes/shortcodes.php(355): WC_Shortcodes::checkout('', '', 'woocommerce_che...')
#8 [internal function]: do_shortcode_tag(Array)
#9 /var/www/wordpress/wp-includes/shortcodes.php(227): preg_replace_callback('/\\[(\\[?)(woocom...', 'do_shortcode_ta...', '[woocommerce_ch...')
#10 /var/www/wordpress/wp-includes/class-wp-hook.php(308): do_shortcode('[woocommerce_ch...')
#11 /var/www/wordpress/wp-includes/plugin.php(205): WP_Hook->apply_filters('[woocommerce_ch...', Array)
#12 /var/www/wordpress/wp-includes/post-template.php(255): apply_filters('the_content', '<!-- wp:shortco...')
#13 /var/www/wordpress/wp-content/themes/storefront/inc/storefront-template-functions.php(352): the_content()
#14 /var/www/wordpress/wp-includes/class-wp-hook.php(308): storefront_page_content('')
#15 /var/www/wordpress/wp-includes/class-wp-hook.php(332): WP_Hook->apply_filters(NULL, Array)
#16 /var/www/wordpress/wp-includes/plugin.php(517): WP_Hook->do_action(Array)
#17 /var/www/wordpress/wp-content/themes/storefront/content-page.php(18): do_action('storefront_page')
#18 /var/www/wordpress/wp-includes/template.php(785): require('/var/www/wordpr...')
#19 /var/www/wordpress/wp-includes/template.php(718): load_template('/var/www/wordpr...', false, Array)
#20 /var/www/wordpress/wp-includes/general-template.php(204): locate_template(Array, true, false, Array)
#21 /var/www/wordpress/wp-content/themes/storefront/page.php(24): get_template_part('content', 'page')
#22 /var/www/wordpress/wp-includes/template-loader.php(106): include('/var/www/wordpr...')
#23 /var/www/wordpress/wp-blog-header.php(19): require_once('/var/www/wordpr...')
#24 /var/www/wordpress/index.php(17): require('/var/www/wordpr...')
#25 {main}
  thrown in /var/www/wordpress/wp-content/themes/storefront-child/functions.php on line 149

2022-12-04T10:28:55+00:00 CRITICAL Uncaught TypeError: get_card_by_customer_id(): Argument #1 ($customerId) must be of type string, null given, called in /var/www/wordpress/wp-content/themes/storefront-child/functions.php on line 144 and defined in /var/www/wordpress/wp-content/themes/storefront-child/functions.php:149
Stack trace:
#0 /var/www/wordpress/wp-content/themes/storefront-child/functions.php(144): get_card_by_customer_id(NULL)
#1 /var/www/wordpress/wp-content/themes/storefront-child/woocommerce/checkout/form-checkout.php(66): get_list_customer_id()
#2 /var/www/wordpress/wp-content/plugins/woocommerce/includes/wc-core-functions.php(345): include('/var/www/wordpr...')
#3 /var/www/wordpress/wp-content/plugins/woocommerce/includes/shortcodes/class-wc-shortcode-checkout.php(316): wc_get_template('checkout/form-c...', Array)
#4 /var/www/wordpress/wp-content/plugins/woocommerce/includes/shortcodes/class-wc-shortcode-checkout.php(67): WC_Shortcode_Checkout::checkout()
#5 /var/www/wordpress/wp-content/plugins/woocommerce/includes/class-wc-shortcodes.php(72): WC_Shortcode_Checkout::output('')
#6 /var/www/wordpress/wp-content/plugins/woocommerce/includes/class-wc-shortcodes.php(95): WC_Shortcodes::shortcode_wrapper(Array, '')
#7 /var/www/wordpress/wp-includes/shortcodes.php(355): WC_Shortcodes::checkout('', '', 'woocommerce_che...')
#8 [internal function]: do_shortcode_tag(Array)
#9 /var/www/wordpress/wp-includes/shortcodes.php(227): preg_replace_callback('/\\[(\\[?)(woocom...', 'do_shortcode_ta...', '[woocommerce_ch...')
#10 /var/www/wordpress/wp-includes/class-wp-hook.php(308): do_shortcode('[woocommerce_ch...')
#11 /var/www/wordpress/wp-includes/plugin.php(205): WP_Hook->apply_filters('[woocommerce_ch...', Array)
#12 /var/www/wordpress/wp-includes/post-template.php(255): apply_filters('the_content', '<!-- wp:shortco...')
#13 /var/www/wordpress/wp-content/themes/storefront/inc/storefront-template-functions.php(352): the_content()
#14 /var/www/wordpress/wp-includes/class-wp-hook.php(308): storefront_page_content('')
#15 /var/www/wordpress/wp-includes/class-wp-hook.php(332): WP_Hook->apply_filters(NULL, Array)
#16 /var/www/wordpress/wp-includes/plugin.php(517): WP_Hook->do_action(Array)
#17 /var/www/wordpress/wp-content/themes/storefront/content-page.php(18): do_action('storefront_page')
#18 /var/www/wordpress/wp-includes/template.php(785): require('/var/www/wordpr...')
#19 /var/www/wordpress/wp-includes/template.php(718): load_template('/var/www/wordpr...', false, Array)
#20 /var/www/wordpress/wp-includes/general-template.php(204): locate_template(Array, true, false, Array)
#21 /var/www/wordpress/wp-content/themes/storefront/page.php(24): get_template_part('content', 'page')
#22 /var/www/wordpress/wp-includes/template-loader.php(106): include('/var/www/wordpr...')
#23 /var/www/wordpress/wp-blog-header.php(19): require_once('/var/www/wordpr...')
#24 /var/www/wordpress/index.php(17): require('/var/www/wordpr...')
#25 {main}
  thrown in /var/www/wordpress/wp-content/themes/storefront-child/functions.php on line 149

