2022-12-03T06:41:12+00:00 CRITICAL Uncaught Error: Call to undefined method WooCommerce::get() in /var/www/wordpress/wp-content/themes/storefront-child/woocommerce/checkout/form-checkout.php:41
Stack trace:
#0 /var/www/wordpress/wp-content/plugins/woocommerce/includes/wc-core-functions.php(345): include()
#1 /var/www/wordpress/wp-content/plugins/woocommerce/includes/shortcodes/class-wc-shortcode-checkout.php(316): wc_get_template('checkout/form-c...', Array)
#2 /var/www/wordpress/wp-content/plugins/woocommerce/includes/shortcodes/class-wc-shortcode-checkout.php(67): WC_Shortcode_Checkout::checkout()
#3 /var/www/wordpress/wp-content/plugins/woocommerce/includes/class-wc-shortcodes.php(72): WC_Shortcode_Checkout::output('')
#4 /var/www/wordpress/wp-content/plugins/woocommerce/includes/class-wc-shortcodes.php(95): WC_Shortcodes::shortcode_wrapper(Array, '')
#5 /var/www/wordpress/wp-includes/shortcodes.php(355): WC_Shortcodes::checkout('', '', 'woocommerce_che...')
#6 [internal function]: do_shortcode_tag(Array)
#7 /var/www/wordpress/wp-includes/shortcodes.php(227): preg_replace_callback('/\\[(\\[?)(woocom...', 'do_shortcode_ta...', '[woocommerce_ch...')
#8 /var/www/wordpress/wp-includes/class-wp-hook.php(308): do_shortcode('[woocommerce_ch...')
#9 /var/www/wordpress/wp-includes/plugin.php(205): WP_Hook->apply_filters('[woocommerce_ch...', Array)
#10 /var/www/wordpress/wp-includes/post-template.php(255): apply_filters('the_content', '<!-- wp:shortco...')
#11 /var/www/wordpress/wp-content/themes/storefront/inc/storefront-template-functions.php(352): the_content()
#12 /var/www/wordpress/wp-includes/class-wp-hook.php(308): storefront_page_content('')
#13 /var/www/wordpress/wp-includes/class-wp-hook.php(332): WP_Hook->apply_filters(NULL, Array)
#14 /var/www/wordpress/wp-includes/plugin.php(517): WP_Hook->do_action(Array)
#15 /var/www/wordpress/wp-content/themes/storefront/content-page.php(18): do_action('storefront_page')
#16 /var/www/wordpress/wp-includes/template.php(785): require('/var/www/wordpr...')
#17 /var/www/wordpress/wp-includes/template.php(718): load_template('/var/www/wordpr...', false, Array)
#18 /var/www/wordpress/wp-includes/general-template.php(204): locate_template(Array, true, false, Array)
#19 /var/www/wordpress/wp-content/themes/storefront/page.php(24): get_template_part('content', 'page')
#20 /var/www/wordpress/wp-includes/template-loader.php(106): include('/var/www/wordpr...')
#21 /var/www/wordpress/wp-blog-header.php(19): require_once('/var/www/wordpr...')
#22 /var/www/wordpress/index.php(17): require('/var/www/wordpr...')
#23 {main}
  thrown in /var/www/wordpress/wp-content/themes/storefront-child/woocommerce/checkout/form-checkout.php on line 41

2022-12-03T06:41:34+00:00 CRITICAL Uncaught Error: Call to undefined method WooCommerce::get() in /var/www/wordpress/wp-content/themes/storefront-child/woocommerce/checkout/form-checkout.php:41
Stack trace:
#0 /var/www/wordpress/wp-content/plugins/woocommerce/includes/wc-core-functions.php(345): include()
#1 /var/www/wordpress/wp-content/plugins/woocommerce/includes/shortcodes/class-wc-shortcode-checkout.php(316): wc_get_template('checkout/form-c...', Array)
#2 /var/www/wordpress/wp-content/plugins/woocommerce/includes/shortcodes/class-wc-shortcode-checkout.php(67): WC_Shortcode_Checkout::checkout()
#3 /var/www/wordpress/wp-content/plugins/woocommerce/includes/class-wc-shortcodes.php(72): WC_Shortcode_Checkout::output('')
#4 /var/www/wordpress/wp-content/plugins/woocommerce/includes/class-wc-shortcodes.php(95): WC_Shortcodes::shortcode_wrapper(Array, '')
#5 /var/www/wordpress/wp-includes/shortcodes.php(355): WC_Shortcodes::checkout('', '', 'woocommerce_che...')
#6 [internal function]: do_shortcode_tag(Array)
#7 /var/www/wordpress/wp-includes/shortcodes.php(227): preg_replace_callback('/\\[(\\[?)(woocom...', 'do_shortcode_ta...', '[woocommerce_ch...')
#8 /var/www/wordpress/wp-includes/class-wp-hook.php(308): do_shortcode('[woocommerce_ch...')
#9 /var/www/wordpress/wp-includes/plugin.php(205): WP_Hook->apply_filters('[woocommerce_ch...', Array)
#10 /var/www/wordpress/wp-includes/post-template.php(255): apply_filters('the_content', '<!-- wp:shortco...')
#11 /var/www/wordpress/wp-content/themes/storefront/inc/storefront-template-functions.php(352): the_content()
#12 /var/www/wordpress/wp-includes/class-wp-hook.php(308): storefront_page_content('')
#13 /var/www/wordpress/wp-includes/class-wp-hook.php(332): WP_Hook->apply_filters(NULL, Array)
#14 /var/www/wordpress/wp-includes/plugin.php(517): WP_Hook->do_action(Array)
#15 /var/www/wordpress/wp-content/themes/storefront/content-page.php(18): do_action('storefront_page')
#16 /var/www/wordpress/wp-includes/template.php(785): require('/var/www/wordpr...')
#17 /var/www/wordpress/wp-includes/template.php(718): load_template('/var/www/wordpr...', false, Array)
#18 /var/www/wordpress/wp-includes/general-template.php(204): locate_template(Array, true, false, Array)
#19 /var/www/wordpress/wp-content/themes/storefront/page.php(24): get_template_part('content', 'page')
#20 /var/www/wordpress/wp-includes/template-loader.php(106): include('/var/www/wordpr...')
#21 /var/www/wordpress/wp-blog-header.php(19): require_once('/var/www/wordpr...')
#22 /var/www/wordpress/index.php(17): require('/var/www/wordpr...')
#23 {main}
  thrown in /var/www/wordpress/wp-content/themes/storefront-child/woocommerce/checkout/form-checkout.php on line 41

2022-12-03T06:42:09+00:00 CRITICAL Uncaught Error: Call to undefined method WooCommerce::get_order() in /var/www/wordpress/wp-content/themes/storefront-child/woocommerce/checkout/form-checkout.php:41
Stack trace:
#0 /var/www/wordpress/wp-content/plugins/woocommerce/includes/wc-core-functions.php(345): include()
#1 /var/www/wordpress/wp-content/plugins/woocommerce/includes/shortcodes/class-wc-shortcode-checkout.php(316): wc_get_template('checkout/form-c...', Array)
#2 /var/www/wordpress/wp-content/plugins/woocommerce/includes/shortcodes/class-wc-shortcode-checkout.php(67): WC_Shortcode_Checkout::checkout()
#3 /var/www/wordpress/wp-content/plugins/woocommerce/includes/class-wc-shortcodes.php(72): WC_Shortcode_Checkout::output('')
#4 /var/www/wordpress/wp-content/plugins/woocommerce/includes/class-wc-shortcodes.php(95): WC_Shortcodes::shortcode_wrapper(Array, '')
#5 /var/www/wordpress/wp-includes/shortcodes.php(355): WC_Shortcodes::checkout('', '', 'woocommerce_che...')
#6 [internal function]: do_shortcode_tag(Array)
#7 /var/www/wordpress/wp-includes/shortcodes.php(227): preg_replace_callback('/\\[(\\[?)(woocom...', 'do_shortcode_ta...', '[woocommerce_ch...')
#8 /var/www/wordpress/wp-includes/class-wp-hook.php(308): do_shortcode('[woocommerce_ch...')
#9 /var/www/wordpress/wp-includes/plugin.php(205): WP_Hook->apply_filters('[woocommerce_ch...', Array)
#10 /var/www/wordpress/wp-includes/post-template.php(255): apply_filters('the_content', '<!-- wp:shortco...')
#11 /var/www/wordpress/wp-content/themes/storefront/inc/storefront-template-functions.php(352): the_content()
#12 /var/www/wordpress/wp-includes/class-wp-hook.php(308): storefront_page_content('')
#13 /var/www/wordpress/wp-includes/class-wp-hook.php(332): WP_Hook->apply_filters(NULL, Array)
#14 /var/www/wordpress/wp-includes/plugin.php(517): WP_Hook->do_action(Array)
#15 /var/www/wordpress/wp-content/themes/storefront/content-page.php(18): do_action('storefront_page')
#16 /var/www/wordpress/wp-includes/template.php(785): require('/var/www/wordpr...')
#17 /var/www/wordpress/wp-includes/template.php(718): load_template('/var/www/wordpr...', false, Array)
#18 /var/www/wordpress/wp-includes/general-template.php(204): locate_template(Array, true, false, Array)
#19 /var/www/wordpress/wp-content/themes/storefront/page.php(24): get_template_part('content', 'page')
#20 /var/www/wordpress/wp-includes/template-loader.php(106): include('/var/www/wordpr...')
#21 /var/www/wordpress/wp-blog-header.php(19): require_once('/var/www/wordpr...')
#22 /var/www/wordpress/index.php(17): require('/var/www/wordpr...')
#23 {main}
  thrown in /var/www/wordpress/wp-content/themes/storefront-child/woocommerce/checkout/form-checkout.php on line 41

2022-12-03T06:42:33+00:00 CRITICAL Uncaught Error: Call to a member function get_order() on null in /var/www/wordpress/wp-content/themes/storefront-child/woocommerce/checkout/form-checkout.php:41
Stack trace:
#0 /var/www/wordpress/wp-content/plugins/woocommerce/includes/wc-core-functions.php(345): include()
#1 /var/www/wordpress/wp-content/plugins/woocommerce/includes/shortcodes/class-wc-shortcode-checkout.php(316): wc_get_template('checkout/form-c...', Array)
#2 /var/www/wordpress/wp-content/plugins/woocommerce/includes/shortcodes/class-wc-shortcode-checkout.php(67): WC_Shortcode_Checkout::checkout()
#3 /var/www/wordpress/wp-content/plugins/woocommerce/includes/class-wc-shortcodes.php(72): WC_Shortcode_Checkout::output('')
#4 /var/www/wordpress/wp-content/plugins/woocommerce/includes/class-wc-shortcodes.php(95): WC_Shortcodes::shortcode_wrapper(Array, '')
#5 /var/www/wordpress/wp-includes/shortcodes.php(355): WC_Shortcodes::checkout('', '', 'woocommerce_che...')
#6 [internal function]: do_shortcode_tag(Array)
#7 /var/www/wordpress/wp-includes/shortcodes.php(227): preg_replace_callback('/\\[(\\[?)(woocom...', 'do_shortcode_ta...', '[woocommerce_ch...')
#8 /var/www/wordpress/wp-includes/class-wp-hook.php(308): do_shortcode('[woocommerce_ch...')
#9 /var/www/wordpress/wp-includes/plugin.php(205): WP_Hook->apply_filters('[woocommerce_ch...', Array)
#10 /var/www/wordpress/wp-includes/post-template.php(255): apply_filters('the_content', '<!-- wp:shortco...')
#11 /var/www/wordpress/wp-content/themes/storefront/inc/storefront-template-functions.php(352): the_content()
#12 /var/www/wordpress/wp-includes/class-wp-hook.php(308): storefront_page_content('')
#13 /var/www/wordpress/wp-includes/class-wp-hook.php(332): WP_Hook->apply_filters(NULL, Array)
#14 /var/www/wordpress/wp-includes/plugin.php(517): WP_Hook->do_action(Array)
#15 /var/www/wordpress/wp-content/themes/storefront/content-page.php(18): do_action('storefront_page')
#16 /var/www/wordpress/wp-includes/template.php(785): require('/var/www/wordpr...')
#17 /var/www/wordpress/wp-includes/template.php(718): load_template('/var/www/wordpr...', false, Array)
#18 /var/www/wordpress/wp-includes/general-template.php(204): locate_template(Array, true, false, Array)
#19 /var/www/wordpress/wp-content/themes/storefront/page.php(24): get_template_part('content', 'page')
#20 /var/www/wordpress/wp-includes/template-loader.php(106): include('/var/www/wordpr...')
#21 /var/www/wordpress/wp-blog-header.php(19): require_once('/var/www/wordpr...')
#22 /var/www/wordpress/index.php(17): require('/var/www/wordpr...')
#23 {main}
  thrown in /var/www/wordpress/wp-content/themes/storefront-child/woocommerce/checkout/form-checkout.php on line 41

2022-12-03T06:43:08+00:00 CRITICAL Uncaught Error: Call to a member function get() on null in /var/www/wordpress/wp-content/themes/storefront-child/woocommerce/checkout/form-checkout.php:41
Stack trace:
#0 /var/www/wordpress/wp-content/plugins/woocommerce/includes/wc-core-functions.php(345): include()
#1 /var/www/wordpress/wp-content/plugins/woocommerce/includes/shortcodes/class-wc-shortcode-checkout.php(316): wc_get_template('checkout/form-c...', Array)
#2 /var/www/wordpress/wp-content/plugins/woocommerce/includes/shortcodes/class-wc-shortcode-checkout.php(67): WC_Shortcode_Checkout::checkout()
#3 /var/www/wordpress/wp-content/plugins/woocommerce/includes/class-wc-shortcodes.php(72): WC_Shortcode_Checkout::output('')
#4 /var/www/wordpress/wp-content/plugins/woocommerce/includes/class-wc-shortcodes.php(95): WC_Shortcodes::shortcode_wrapper(Array, '')
#5 /var/www/wordpress/wp-includes/shortcodes.php(355): WC_Shortcodes::checkout('', '', 'woocommerce_che...')
#6 [internal function]: do_shortcode_tag(Array)
#7 /var/www/wordpress/wp-includes/shortcodes.php(227): preg_replace_callback('/\\[(\\[?)(woocom...', 'do_shortcode_ta...', '[woocommerce_ch...')
#8 /var/www/wordpress/wp-includes/class-wp-hook.php(308): do_shortcode('[woocommerce_ch...')
#9 /var/www/wordpress/wp-includes/plugin.php(205): WP_Hook->apply_filters('[woocommerce_ch...', Array)
#10 /var/www/wordpress/wp-includes/post-template.php(255): apply_filters('the_content', '<!-- wp:shortco...')
#11 /var/www/wordpress/wp-content/themes/storefront/inc/storefront-template-functions.php(352): the_content()
#12 /var/www/wordpress/wp-includes/class-wp-hook.php(308): storefront_page_content('')
#13 /var/www/wordpress/wp-includes/class-wp-hook.php(332): WP_Hook->apply_filters(NULL, Array)
#14 /var/www/wordpress/wp-includes/plugin.php(517): WP_Hook->do_action(Array)
#15 /var/www/wordpress/wp-content/themes/storefront/content-page.php(18): do_action('storefront_page')
#16 /var/www/wordpress/wp-includes/template.php(785): require('/var/www/wordpr...')
#17 /var/www/wordpress/wp-includes/template.php(718): load_template('/var/www/wordpr...', false, Array)
#18 /var/www/wordpress/wp-includes/general-template.php(204): locate_template(Array, true, false, Array)
#19 /var/www/wordpress/wp-content/themes/storefront/page.php(24): get_template_part('content', 'page')
#20 /var/www/wordpress/wp-includes/template-loader.php(106): include('/var/www/wordpr...')
#21 /var/www/wordpress/wp-blog-header.php(19): require_once('/var/www/wordpr...')
#22 /var/www/wordpress/index.php(17): require('/var/www/wordpr...')
#23 {main}
  thrown in /var/www/wordpress/wp-content/themes/storefront-child/woocommerce/checkout/form-checkout.php on line 41

2022-12-03T06:43:15+00:00 CRITICAL Uncaught Error: Call to undefined method WooCommerce::get() in /var/www/wordpress/wp-content/themes/storefront-child/woocommerce/checkout/form-checkout.php:41
Stack trace:
#0 /var/www/wordpress/wp-content/plugins/woocommerce/includes/wc-core-functions.php(345): include()
#1 /var/www/wordpress/wp-content/plugins/woocommerce/includes/shortcodes/class-wc-shortcode-checkout.php(316): wc_get_template('checkout/form-c...', Array)
#2 /var/www/wordpress/wp-content/plugins/woocommerce/includes/shortcodes/class-wc-shortcode-checkout.php(67): WC_Shortcode_Checkout::checkout()
#3 /var/www/wordpress/wp-content/plugins/woocommerce/includes/class-wc-shortcodes.php(72): WC_Shortcode_Checkout::output('')
#4 /var/www/wordpress/wp-content/plugins/woocommerce/includes/class-wc-shortcodes.php(95): WC_Shortcodes::shortcode_wrapper(Array, '')
#5 /var/www/wordpress/wp-includes/shortcodes.php(355): WC_Shortcodes::checkout('', '', 'woocommerce_che...')
#6 [internal function]: do_shortcode_tag(Array)
#7 /var/www/wordpress/wp-includes/shortcodes.php(227): preg_replace_callback('/\\[(\\[?)(woocom...', 'do_shortcode_ta...', '[woocommerce_ch...')
#8 /var/www/wordpress/wp-includes/class-wp-hook.php(308): do_shortcode('[woocommerce_ch...')
#9 /var/www/wordpress/wp-includes/plugin.php(205): WP_Hook->apply_filters('[woocommerce_ch...', Array)
#10 /var/www/wordpress/wp-includes/post-template.php(255): apply_filters('the_content', '<!-- wp:shortco...')
#11 /var/www/wordpress/wp-content/themes/storefront/inc/storefront-template-functions.php(352): the_content()
#12 /var/www/wordpress/wp-includes/class-wp-hook.php(308): storefront_page_content('')
#13 /var/www/wordpress/wp-includes/class-wp-hook.php(332): WP_Hook->apply_filters(NULL, Array)
#14 /var/www/wordpress/wp-includes/plugin.php(517): WP_Hook->do_action(Array)
#15 /var/www/wordpress/wp-content/themes/storefront/content-page.php(18): do_action('storefront_page')
#16 /var/www/wordpress/wp-includes/template.php(785): require('/var/www/wordpr...')
#17 /var/www/wordpress/wp-includes/template.php(718): load_template('/var/www/wordpr...', false, Array)
#18 /var/www/wordpress/wp-includes/general-template.php(204): locate_template(Array, true, false, Array)
#19 /var/www/wordpress/wp-content/themes/storefront/page.php(24): get_template_part('content', 'page')
#20 /var/www/wordpress/wp-includes/template-loader.php(106): include('/var/www/wordpr...')
#21 /var/www/wordpress/wp-blog-header.php(19): require_once('/var/www/wordpr...')
#22 /var/www/wordpress/index.php(17): require('/var/www/wordpr...')
#23 {main}
  thrown in /var/www/wordpress/wp-content/themes/storefront-child/woocommerce/checkout/form-checkout.php on line 41

2022-12-03T06:43:16+00:00 CRITICAL Uncaught Error: Call to undefined method WooCommerce::get() in /var/www/wordpress/wp-content/themes/storefront-child/woocommerce/checkout/form-checkout.php:41
Stack trace:
#0 /var/www/wordpress/wp-content/plugins/woocommerce/includes/wc-core-functions.php(345): include()
#1 /var/www/wordpress/wp-content/plugins/woocommerce/includes/shortcodes/class-wc-shortcode-checkout.php(316): wc_get_template('checkout/form-c...', Array)
#2 /var/www/wordpress/wp-content/plugins/woocommerce/includes/shortcodes/class-wc-shortcode-checkout.php(67): WC_Shortcode_Checkout::checkout()
#3 /var/www/wordpress/wp-content/plugins/woocommerce/includes/class-wc-shortcodes.php(72): WC_Shortcode_Checkout::output('')
#4 /var/www/wordpress/wp-content/plugins/woocommerce/includes/class-wc-shortcodes.php(95): WC_Shortcodes::shortcode_wrapper(Array, '')
#5 /var/www/wordpress/wp-includes/shortcodes.php(355): WC_Shortcodes::checkout('', '', 'woocommerce_che...')
#6 [internal function]: do_shortcode_tag(Array)
#7 /var/www/wordpress/wp-includes/shortcodes.php(227): preg_replace_callback('/\\[(\\[?)(woocom...', 'do_shortcode_ta...', '[woocommerce_ch...')
#8 /var/www/wordpress/wp-includes/class-wp-hook.php(308): do_shortcode('[woocommerce_ch...')
#9 /var/www/wordpress/wp-includes/plugin.php(205): WP_Hook->apply_filters('[woocommerce_ch...', Array)
#10 /var/www/wordpress/wp-includes/post-template.php(255): apply_filters('the_content', '<!-- wp:shortco...')
#11 /var/www/wordpress/wp-content/themes/storefront/inc/storefront-template-functions.php(352): the_content()
#12 /var/www/wordpress/wp-includes/class-wp-hook.php(308): storefront_page_content('')
#13 /var/www/wordpress/wp-includes/class-wp-hook.php(332): WP_Hook->apply_filters(NULL, Array)
#14 /var/www/wordpress/wp-includes/plugin.php(517): WP_Hook->do_action(Array)
#15 /var/www/wordpress/wp-content/themes/storefront/content-page.php(18): do_action('storefront_page')
#16 /var/www/wordpress/wp-includes/template.php(785): require('/var/www/wordpr...')
#17 /var/www/wordpress/wp-includes/template.php(718): load_template('/var/www/wordpr...', false, Array)
#18 /var/www/wordpress/wp-includes/general-template.php(204): locate_template(Array, true, false, Array)
#19 /var/www/wordpress/wp-content/themes/storefront/page.php(24): get_template_part('content', 'page')
#20 /var/www/wordpress/wp-includes/template-loader.php(106): include('/var/www/wordpr...')
#21 /var/www/wordpress/wp-blog-header.php(19): require_once('/var/www/wordpr...')
#22 /var/www/wordpress/index.php(17): require('/var/www/wordpr...')
#23 {main}
  thrown in /var/www/wordpress/wp-content/themes/storefront-child/woocommerce/checkout/form-checkout.php on line 41

2022-12-03T06:43:17+00:00 CRITICAL Uncaught Error: Call to undefined method WooCommerce::get() in /var/www/wordpress/wp-content/themes/storefront-child/woocommerce/checkout/form-checkout.php:41
Stack trace:
#0 /var/www/wordpress/wp-content/plugins/woocommerce/includes/wc-core-functions.php(345): include()
#1 /var/www/wordpress/wp-content/plugins/woocommerce/includes/shortcodes/class-wc-shortcode-checkout.php(316): wc_get_template('checkout/form-c...', Array)
#2 /var/www/wordpress/wp-content/plugins/woocommerce/includes/shortcodes/class-wc-shortcode-checkout.php(67): WC_Shortcode_Checkout::checkout()
#3 /var/www/wordpress/wp-content/plugins/woocommerce/includes/class-wc-shortcodes.php(72): WC_Shortcode_Checkout::output('')
#4 /var/www/wordpress/wp-content/plugins/woocommerce/includes/class-wc-shortcodes.php(95): WC_Shortcodes::shortcode_wrapper(Array, '')
#5 /var/www/wordpress/wp-includes/shortcodes.php(355): WC_Shortcodes::checkout('', '', 'woocommerce_che...')
#6 [internal function]: do_shortcode_tag(Array)
#7 /var/www/wordpress/wp-includes/shortcodes.php(227): preg_replace_callback('/\\[(\\[?)(woocom...', 'do_shortcode_ta...', '[woocommerce_ch...')
#8 /var/www/wordpress/wp-includes/class-wp-hook.php(308): do_shortcode('[woocommerce_ch...')
#9 /var/www/wordpress/wp-includes/plugin.php(205): WP_Hook->apply_filters('[woocommerce_ch...', Array)
#10 /var/www/wordpress/wp-includes/post-template.php(255): apply_filters('the_content', '<!-- wp:shortco...')
#11 /var/www/wordpress/wp-content/themes/storefront/inc/storefront-template-functions.php(352): the_content()
#12 /var/www/wordpress/wp-includes/class-wp-hook.php(308): storefront_page_content('')
#13 /var/www/wordpress/wp-includes/class-wp-hook.php(332): WP_Hook->apply_filters(NULL, Array)
#14 /var/www/wordpress/wp-includes/plugin.php(517): WP_Hook->do_action(Array)
#15 /var/www/wordpress/wp-content/themes/storefront/content-page.php(18): do_action('storefront_page')
#16 /var/www/wordpress/wp-includes/template.php(785): require('/var/www/wordpr...')
#17 /var/www/wordpress/wp-includes/template.php(718): load_template('/var/www/wordpr...', false, Array)
#18 /var/www/wordpress/wp-includes/general-template.php(204): locate_template(Array, true, false, Array)
#19 /var/www/wordpress/wp-content/themes/storefront/page.php(24): get_template_part('content', 'page')
#20 /var/www/wordpress/wp-includes/template-loader.php(106): include('/var/www/wordpr...')
#21 /var/www/wordpress/wp-blog-header.php(19): require_once('/var/www/wordpr...')
#22 /var/www/wordpress/index.php(17): require('/var/www/wordpr...')
#23 {main}
  thrown in /var/www/wordpress/wp-content/themes/storefront-child/woocommerce/checkout/form-checkout.php on line 41

2022-12-03T06:52:08+00:00 CRITICAL Uncaught Error: Cannot use object of type WP_Post as array in /var/www/wordpress/wp-content/themes/storefront-child/woocommerce/checkout/form-checkout.php:43
Stack trace:
#0 /var/www/wordpress/wp-content/plugins/woocommerce/includes/wc-core-functions.php(345): include()
#1 /var/www/wordpress/wp-content/plugins/woocommerce/includes/shortcodes/class-wc-shortcode-checkout.php(316): wc_get_template('checkout/form-c...', Array)
#2 /var/www/wordpress/wp-content/plugins/woocommerce/includes/shortcodes/class-wc-shortcode-checkout.php(67): WC_Shortcode_Checkout::checkout()
#3 /var/www/wordpress/wp-content/plugins/woocommerce/includes/class-wc-shortcodes.php(72): WC_Shortcode_Checkout::output('')
#4 /var/www/wordpress/wp-content/plugins/woocommerce/includes/class-wc-shortcodes.php(95): WC_Shortcodes::shortcode_wrapper(Array, '')
#5 /var/www/wordpress/wp-includes/shortcodes.php(355): WC_Shortcodes::checkout('', '', 'woocommerce_che...')
#6 [internal function]: do_shortcode_tag(Array)
#7 /var/www/wordpress/wp-includes/shortcodes.php(227): preg_replace_callback('/\\[(\\[?)(woocom...', 'do_shortcode_ta...', '[woocommerce_ch...')
#8 /var/www/wordpress/wp-includes/class-wp-hook.php(308): do_shortcode('[woocommerce_ch...')
#9 /var/www/wordpress/wp-includes/plugin.php(205): WP_Hook->apply_filters('[woocommerce_ch...', Array)
#10 /var/www/wordpress/wp-includes/post-template.php(255): apply_filters('the_content', '<!-- wp:shortco...')
#11 /var/www/wordpress/wp-content/themes/storefront/inc/storefront-template-functions.php(352): the_content()
#12 /var/www/wordpress/wp-includes/class-wp-hook.php(308): storefront_page_content('')
#13 /var/www/wordpress/wp-includes/class-wp-hook.php(332): WP_Hook->apply_filters(NULL, Array)
#14 /var/www/wordpress/wp-includes/plugin.php(517): WP_Hook->do_action(Array)
#15 /var/www/wordpress/wp-content/themes/storefront/content-page.php(18): do_action('storefront_page')
#16 /var/www/wordpress/wp-includes/template.php(785): require('/var/www/wordpr...')
#17 /var/www/wordpress/wp-includes/template.php(718): load_template('/var/www/wordpr...', false, Array)
#18 /var/www/wordpress/wp-includes/general-template.php(204): locate_template(Array, true, false, Array)
#19 /var/www/wordpress/wp-content/themes/storefront/page.php(24): get_template_part('content', 'page')
#20 /var/www/wordpress/wp-includes/template-loader.php(106): include('/var/www/wordpr...')
#21 /var/www/wordpress/wp-blog-header.php(19): require_once('/var/www/wordpr...')
#22 /var/www/wordpress/index.php(17): require('/var/www/wordpr...')
#23 {main}
  thrown in /var/www/wordpress/wp-content/themes/storefront-child/woocommerce/checkout/form-checkout.php on line 43

2022-12-03T06:53:03+00:00 CRITICAL Uncaught Exception: Invalid order. in /var/www/wordpress/wp-content/plugins/woocommerce/includes/data-stores/abstract-wc-order-data-store-cpt.php:120
Stack trace:
#0 /var/www/wordpress/wp-content/plugins/woocommerce/includes/class-wc-data-store.php(159): Abstract_WC_Order_Data_Store_CPT->read(Object(WC_Order))
#1 /var/www/wordpress/wp-content/plugins/woocommerce/includes/abstracts/abstract-wc-order.php(128): WC_Data_Store->read(Object(WC_Order))
#2 /var/www/wordpress/wp-content/themes/storefront-child/woocommerce/checkout/form-checkout.php(41): WC_Abstract_Order->__construct(8)
#3 /var/www/wordpress/wp-content/plugins/woocommerce/includes/wc-core-functions.php(345): include('/var/www/wordpr...')
#4 /var/www/wordpress/wp-content/plugins/woocommerce/includes/shortcodes/class-wc-shortcode-checkout.php(316): wc_get_template('checkout/form-c...', Array)
#5 /var/www/wordpress/wp-content/plugins/woocommerce/includes/shortcodes/class-wc-shortcode-checkout.php(67): WC_Shortcode_Checkout::checkout()
#6 /var/www/wordpress/wp-content/plugins/woocommerce/includes/class-wc-shortcodes.php(72): WC_Shortcode_Checkout::output('')
#7 /var/www/wordpress/wp-content/plugins/woocommerce/includes/class-wc-shortcodes.php(95): WC_Shortcodes::shortcode_wrapper(Array, '')
#8 /var/www/wordpress/wp-includes/shortcodes.php(355): WC_Shortcodes::checkout('', '', 'woocommerce_che...')
#9 [internal function]: do_shortcode_tag(Array)
#10 /var/www/wordpress/wp-includes/shortcodes.php(227): preg_replace_callback('/\\[(\\[?)(woocom...', 'do_shortcode_ta...', '[woocommerce_ch...')
#11 /var/www/wordpress/wp-includes/class-wp-hook.php(308): do_shortcode('[woocommerce_ch...')
#12 /var/www/wordpress/wp-includes/plugin.php(205): WP_Hook->apply_filters('[woocommerce_ch...', Array)
#13 /var/www/wordpress/wp-includes/post-template.php(255): apply_filters('the_content', '<!-- wp:shortco...')
#14 /var/www/wordpress/wp-content/themes/storefront/inc/storefront-template-functions.php(352): the_content()
#15 /var/www/wordpress/wp-includes/class-wp-hook.php(308): storefront_page_content('')
#16 /var/www/wordpress/wp-includes/class-wp-hook.php(332): WP_Hook->apply_filters(NULL, Array)
#17 /var/www/wordpress/wp-includes/plugin.php(517): WP_Hook->do_action(Array)
#18 /var/www/wordpress/wp-content/themes/storefront/content-page.php(18): do_action('storefront_page')
#19 /var/www/wordpress/wp-includes/template.php(785): require('/var/www/wordpr...')
#20 /var/www/wordpress/wp-includes/template.php(718): load_template('/var/www/wordpr...', false, Array)
#21 /var/www/wordpress/wp-includes/general-template.php(204): locate_template(Array, true, false, Array)
#22 /var/www/wordpress/wp-content/themes/storefront/page.php(24): get_template_part('content', 'page')
#23 /var/www/wordpress/wp-includes/template-loader.php(106): include('/var/www/wordpr...')
#24 /var/www/wordpress/wp-blog-header.php(19): require_once('/var/www/wordpr...')
#25 /var/www/wordpress/index.php(17): require('/var/www/wordpr...')
#26 {main}
  thrown in /var/www/wordpress/wp-content/plugins/woocommerce/includes/data-stores/abstract-wc-order-data-store-cpt.php on line 120

2022-12-03T06:54:43+00:00 CRITICAL Uncaught Error: Call to a member function get_id() on string in /var/www/wordpress/wp-content/themes/storefront-child/woocommerce/checkout/form-checkout.php:43
Stack trace:
#0 /var/www/wordpress/wp-content/plugins/woocommerce/includes/wc-core-functions.php(345): include()
#1 /var/www/wordpress/wp-content/plugins/woocommerce/includes/shortcodes/class-wc-shortcode-checkout.php(316): wc_get_template('checkout/form-c...', Array)
#2 /var/www/wordpress/wp-content/plugins/woocommerce/includes/shortcodes/class-wc-shortcode-checkout.php(67): WC_Shortcode_Checkout::checkout()
#3 /var/www/wordpress/wp-content/plugins/woocommerce/includes/class-wc-shortcodes.php(72): WC_Shortcode_Checkout::output('')
#4 /var/www/wordpress/wp-content/plugins/woocommerce/includes/class-wc-shortcodes.php(95): WC_Shortcodes::shortcode_wrapper(Array, '')
#5 /var/www/wordpress/wp-includes/shortcodes.php(355): WC_Shortcodes::checkout('', '', 'woocommerce_che...')
#6 [internal function]: do_shortcode_tag(Array)
#7 /var/www/wordpress/wp-includes/shortcodes.php(227): preg_replace_callback('/\\[(\\[?)(woocom...', 'do_shortcode_ta...', '[woocommerce_ch...')
#8 /var/www/wordpress/wp-includes/class-wp-hook.php(308): do_shortcode('[woocommerce_ch...')
#9 /var/www/wordpress/wp-includes/plugin.php(205): WP_Hook->apply_filters('[woocommerce_ch...', Array)
#10 /var/www/wordpress/wp-includes/post-template.php(255): apply_filters('the_content', '<!-- wp:shortco...')
#11 /var/www/wordpress/wp-content/themes/storefront/inc/storefront-template-functions.php(352): the_content()
#12 /var/www/wordpress/wp-includes/class-wp-hook.php(308): storefront_page_content('')
#13 /var/www/wordpress/wp-includes/class-wp-hook.php(332): WP_Hook->apply_filters(NULL, Array)
#14 /var/www/wordpress/wp-includes/plugin.php(517): WP_Hook->do_action(Array)
#15 /var/www/wordpress/wp-content/themes/storefront/content-page.php(18): do_action('storefront_page')
#16 /var/www/wordpress/wp-includes/template.php(785): require('/var/www/wordpr...')
#17 /var/www/wordpress/wp-includes/template.php(718): load_template('/var/www/wordpr...', false, Array)
#18 /var/www/wordpress/wp-includes/general-template.php(204): locate_template(Array, true, false, Array)
#19 /var/www/wordpress/wp-content/themes/storefront/page.php(24): get_template_part('content', 'page')
#20 /var/www/wordpress/wp-includes/template-loader.php(106): include('/var/www/wordpr...')
#21 /var/www/wordpress/wp-blog-header.php(19): require_once('/var/www/wordpr...')
#22 /var/www/wordpress/index.php(17): require('/var/www/wordpr...')
#23 {main}
  thrown in /var/www/wordpress/wp-content/themes/storefront-child/woocommerce/checkout/form-checkout.php on line 43

2022-12-03T06:59:10+00:00 CRITICAL Uncaught Exception: Invalid order. in /var/www/wordpress/wp-content/plugins/woocommerce/includes/data-stores/abstract-wc-order-data-store-cpt.php:120
Stack trace:
#0 /var/www/wordpress/wp-content/plugins/woocommerce/includes/class-wc-data-store.php(159): Abstract_WC_Order_Data_Store_CPT->read(Object(WC_Order))
#1 /var/www/wordpress/wp-content/plugins/woocommerce/includes/abstracts/abstract-wc-order.php(128): WC_Data_Store->read(Object(WC_Order))
#2 /var/www/wordpress/wp-content/themes/storefront-child/woocommerce/checkout/form-checkout.php(46): WC_Abstract_Order->__construct(8)
#3 /var/www/wordpress/wp-content/plugins/woocommerce/includes/wc-core-functions.php(345): include('/var/www/wordpr...')
#4 /var/www/wordpress/wp-content/plugins/woocommerce/includes/shortcodes/class-wc-shortcode-checkout.php(316): wc_get_template('checkout/form-c...', Array)
#5 /var/www/wordpress/wp-content/plugins/woocommerce/includes/shortcodes/class-wc-shortcode-checkout.php(67): WC_Shortcode_Checkout::checkout()
#6 /var/www/wordpress/wp-content/plugins/woocommerce/includes/class-wc-shortcodes.php(72): WC_Shortcode_Checkout::output('')
#7 /var/www/wordpress/wp-content/plugins/woocommerce/includes/class-wc-shortcodes.php(95): WC_Shortcodes::shortcode_wrapper(Array, '')
#8 /var/www/wordpress/wp-includes/shortcodes.php(355): WC_Shortcodes::checkout('', '', 'woocommerce_che...')
#9 [internal function]: do_shortcode_tag(Array)
#10 /var/www/wordpress/wp-includes/shortcodes.php(227): preg_replace_callback('/\\[(\\[?)(woocom...', 'do_shortcode_ta...', '[woocommerce_ch...')
#11 /var/www/wordpress/wp-includes/class-wp-hook.php(308): do_shortcode('[woocommerce_ch...')
#12 /var/www/wordpress/wp-includes/plugin.php(205): WP_Hook->apply_filters('[woocommerce_ch...', Array)
#13 /var/www/wordpress/wp-includes/post-template.php(255): apply_filters('the_content', '<!-- wp:shortco...')
#14 /var/www/wordpress/wp-content/themes/storefront/inc/storefront-template-functions.php(352): the_content()
#15 /var/www/wordpress/wp-includes/class-wp-hook.php(308): storefront_page_content('')
#16 /var/www/wordpress/wp-includes/class-wp-hook.php(332): WP_Hook->apply_filters(NULL, Array)
#17 /var/www/wordpress/wp-includes/plugin.php(517): WP_Hook->do_action(Array)
#18 /var/www/wordpress/wp-content/themes/storefront/content-page.php(18): do_action('storefront_page')
#19 /var/www/wordpress/wp-includes/template.php(785): require('/var/www/wordpr...')
#20 /var/www/wordpress/wp-includes/template.php(718): load_template('/var/www/wordpr...', false, Array)
#21 /var/www/wordpress/wp-includes/general-template.php(204): locate_template(Array, true, false, Array)
#22 /var/www/wordpress/wp-content/themes/storefront/page.php(24): get_template_part('content', 'page')
#23 /var/www/wordpress/wp-includes/template-loader.php(106): include('/var/www/wordpr...')
#24 /var/www/wordpress/wp-blog-header.php(19): require_once('/var/www/wordpr...')
#25 /var/www/wordpress/index.php(17): require('/var/www/wordpr...')
#26 {main}
  thrown in /var/www/wordpress/wp-content/plugins/woocommerce/includes/data-stores/abstract-wc-order-data-store-cpt.php on line 120

2022-12-03T07:00:40+00:00 CRITICAL Uncaught Exception: Invalid order. in /var/www/wordpress/wp-content/plugins/woocommerce/includes/data-stores/abstract-wc-order-data-store-cpt.php:120
Stack trace:
#0 /var/www/wordpress/wp-content/plugins/woocommerce/includes/class-wc-data-store.php(159): Abstract_WC_Order_Data_Store_CPT->read(Object(WC_Order))
#1 /var/www/wordpress/wp-content/plugins/woocommerce/includes/abstracts/abstract-wc-order.php(128): WC_Data_Store->read(Object(WC_Order))
#2 /var/www/wordpress/wp-content/themes/storefront-child/woocommerce/checkout/form-checkout.php(46): WC_Abstract_Order->__construct(8)
#3 /var/www/wordpress/wp-content/plugins/woocommerce/includes/wc-core-functions.php(345): include('/var/www/wordpr...')
#4 /var/www/wordpress/wp-content/plugins/woocommerce/includes/shortcodes/class-wc-shortcode-checkout.php(316): wc_get_template('checkout/form-c...', Array)
#5 /var/www/wordpress/wp-content/plugins/woocommerce/includes/shortcodes/class-wc-shortcode-checkout.php(67): WC_Shortcode_Checkout::checkout()
#6 /var/www/wordpress/wp-content/plugins/woocommerce/includes/class-wc-shortcodes.php(72): WC_Shortcode_Checkout::output('')
#7 /var/www/wordpress/wp-content/plugins/woocommerce/includes/class-wc-shortcodes.php(95): WC_Shortcodes::shortcode_wrapper(Array, '')
#8 /var/www/wordpress/wp-includes/shortcodes.php(355): WC_Shortcodes::checkout('', '', 'woocommerce_che...')
#9 [internal function]: do_shortcode_tag(Array)
#10 /var/www/wordpress/wp-includes/shortcodes.php(227): preg_replace_callback('/\\[(\\[?)(woocom...', 'do_shortcode_ta...', '[woocommerce_ch...')
#11 /var/www/wordpress/wp-includes/class-wp-hook.php(308): do_shortcode('[woocommerce_ch...')
#12 /var/www/wordpress/wp-includes/plugin.php(205): WP_Hook->apply_filters('[woocommerce_ch...', Array)
#13 /var/www/wordpress/wp-includes/post-template.php(255): apply_filters('the_content', '<!-- wp:shortco...')
#14 /var/www/wordpress/wp-content/themes/storefront/inc/storefront-template-functions.php(352): the_content()
#15 /var/www/wordpress/wp-includes/class-wp-hook.php(308): storefront_page_content('')
#16 /var/www/wordpress/wp-includes/class-wp-hook.php(332): WP_Hook->apply_filters(NULL, Array)
#17 /var/www/wordpress/wp-includes/plugin.php(517): WP_Hook->do_action(Array)
#18 /var/www/wordpress/wp-content/themes/storefront/content-page.php(18): do_action('storefront_page')
#19 /var/www/wordpress/wp-includes/template.php(785): require('/var/www/wordpr...')
#20 /var/www/wordpress/wp-includes/template.php(718): load_template('/var/www/wordpr...', false, Array)
#21 /var/www/wordpress/wp-includes/general-template.php(204): locate_template(Array, true, false, Array)
#22 /var/www/wordpress/wp-content/themes/storefront/page.php(24): get_template_part('content', 'page')
#23 /var/www/wordpress/wp-includes/template-loader.php(106): include('/var/www/wordpr...')
#24 /var/www/wordpress/wp-blog-header.php(19): require_once('/var/www/wordpr...')
#25 /var/www/wordpress/index.php(17): require('/var/www/wordpr...')
#26 {main}
  thrown in /var/www/wordpress/wp-content/plugins/woocommerce/includes/data-stores/abstract-wc-order-data-store-cpt.php on line 120

2022-12-03T07:17:18+00:00 CRITICAL Uncaught Exception: Invalid order. in /var/www/wordpress/wp-content/plugins/woocommerce/includes/data-stores/abstract-wc-order-data-store-cpt.php:120
Stack trace:
#0 /var/www/wordpress/wp-content/plugins/woocommerce/includes/class-wc-data-store.php(159): Abstract_WC_Order_Data_Store_CPT->read(Object(WC_Order))
#1 /var/www/wordpress/wp-content/plugins/woocommerce/includes/abstracts/abstract-wc-order.php(128): WC_Data_Store->read(Object(WC_Order))
#2 /var/www/wordpress/wp-content/themes/storefront-child/woocommerce/checkout/form-checkout.php(46): WC_Abstract_Order->__construct(8)
#3 /var/www/wordpress/wp-content/plugins/woocommerce/includes/wc-core-functions.php(345): include('/var/www/wordpr...')
#4 /var/www/wordpress/wp-content/plugins/woocommerce/includes/shortcodes/class-wc-shortcode-checkout.php(316): wc_get_template('checkout/form-c...', Array)
#5 /var/www/wordpress/wp-content/plugins/woocommerce/includes/shortcodes/class-wc-shortcode-checkout.php(67): WC_Shortcode_Checkout::checkout()
#6 /var/www/wordpress/wp-content/plugins/woocommerce/includes/class-wc-shortcodes.php(72): WC_Shortcode_Checkout::output('')
#7 /var/www/wordpress/wp-content/plugins/woocommerce/includes/class-wc-shortcodes.php(95): WC_Shortcodes::shortcode_wrapper(Array, '')
#8 /var/www/wordpress/wp-includes/shortcodes.php(355): WC_Shortcodes::checkout('', '', 'woocommerce_che...')
#9 [internal function]: do_shortcode_tag(Array)
#10 /var/www/wordpress/wp-includes/shortcodes.php(227): preg_replace_callback('/\\[(\\[?)(woocom...', 'do_shortcode_ta...', '[woocommerce_ch...')
#11 /var/www/wordpress/wp-includes/class-wp-hook.php(308): do_shortcode('[woocommerce_ch...')
#12 /var/www/wordpress/wp-includes/plugin.php(205): WP_Hook->apply_filters('[woocommerce_ch...', Array)
#13 /var/www/wordpress/wp-includes/post-template.php(255): apply_filters('the_content', '<!-- wp:shortco...')
#14 /var/www/wordpress/wp-content/themes/storefront/inc/storefront-template-functions.php(352): the_content()
#15 /var/www/wordpress/wp-includes/class-wp-hook.php(308): storefront_page_content('')
#16 /var/www/wordpress/wp-includes/class-wp-hook.php(332): WP_Hook->apply_filters(NULL, Array)
#17 /var/www/wordpress/wp-includes/plugin.php(517): WP_Hook->do_action(Array)
#18 /var/www/wordpress/wp-content/themes/storefront/content-page.php(18): do_action('storefront_page')
#19 /var/www/wordpress/wp-includes/template.php(785): require('/var/www/wordpr...')
#20 /var/www/wordpress/wp-includes/template.php(718): load_template('/var/www/wordpr...', false, Array)
#21 /var/www/wordpress/wp-includes/general-template.php(204): locate_template(Array, true, false, Array)
#22 /var/www/wordpress/wp-content/themes/storefront/page.php(24): get_template_part('content', 'page')
#23 /var/www/wordpress/wp-includes/template-loader.php(106): include('/var/www/wordpr...')
#24 /var/www/wordpress/wp-blog-header.php(19): require_once('/var/www/wordpr...')
#25 /var/www/wordpress/index.php(17): require('/var/www/wordpr...')
#26 {main}
  thrown in /var/www/wordpress/wp-content/plugins/woocommerce/includes/data-stores/abstract-wc-order-data-store-cpt.php on line 120

2022-12-03T07:17:39+00:00 CRITICAL Uncaught Exception: Invalid order. in /var/www/wordpress/wp-content/plugins/woocommerce/includes/data-stores/abstract-wc-order-data-store-cpt.php:120
Stack trace:
#0 /var/www/wordpress/wp-content/plugins/woocommerce/includes/class-wc-data-store.php(159): Abstract_WC_Order_Data_Store_CPT->read(Object(WC_Order))
#1 /var/www/wordpress/wp-content/plugins/woocommerce/includes/abstracts/abstract-wc-order.php(128): WC_Data_Store->read(Object(WC_Order))
#2 /var/www/wordpress/wp-content/themes/storefront-child/woocommerce/checkout/form-checkout.php(43): WC_Abstract_Order->__construct(8)
#3 /var/www/wordpress/wp-content/plugins/woocommerce/includes/wc-core-functions.php(345): include('/var/www/wordpr...')
#4 /var/www/wordpress/wp-content/plugins/woocommerce/includes/shortcodes/class-wc-shortcode-checkout.php(316): wc_get_template('checkout/form-c...', Array)
#5 /var/www/wordpress/wp-content/plugins/woocommerce/includes/shortcodes/class-wc-shortcode-checkout.php(67): WC_Shortcode_Checkout::checkout()
#6 /var/www/wordpress/wp-content/plugins/woocommerce/includes/class-wc-shortcodes.php(72): WC_Shortcode_Checkout::output('')
#7 /var/www/wordpress/wp-content/plugins/woocommerce/includes/class-wc-shortcodes.php(95): WC_Shortcodes::shortcode_wrapper(Array, '')
#8 /var/www/wordpress/wp-includes/shortcodes.php(355): WC_Shortcodes::checkout('', '', 'woocommerce_che...')
#9 [internal function]: do_shortcode_tag(Array)
#10 /var/www/wordpress/wp-includes/shortcodes.php(227): preg_replace_callback('/\\[(\\[?)(woocom...', 'do_shortcode_ta...', '[woocommerce_ch...')
#11 /var/www/wordpress/wp-includes/class-wp-hook.php(308): do_shortcode('[woocommerce_ch...')
#12 /var/www/wordpress/wp-includes/plugin.php(205): WP_Hook->apply_filters('[woocommerce_ch...', Array)
#13 /var/www/wordpress/wp-includes/post-template.php(255): apply_filters('the_content', '<!-- wp:shortco...')
#14 /var/www/wordpress/wp-content/themes/storefront/inc/storefront-template-functions.php(352): the_content()
#15 /var/www/wordpress/wp-includes/class-wp-hook.php(308): storefront_page_content('')
#16 /var/www/wordpress/wp-includes/class-wp-hook.php(332): WP_Hook->apply_filters(NULL, Array)
#17 /var/www/wordpress/wp-includes/plugin.php(517): WP_Hook->do_action(Array)
#18 /var/www/wordpress/wp-content/themes/storefront/content-page.php(18): do_action('storefront_page')
#19 /var/www/wordpress/wp-includes/template.php(785): require('/var/www/wordpr...')
#20 /var/www/wordpress/wp-includes/template.php(718): load_template('/var/www/wordpr...', false, Array)
#21 /var/www/wordpress/wp-includes/general-template.php(204): locate_template(Array, true, false, Array)
#22 /var/www/wordpress/wp-content/themes/storefront/page.php(24): get_template_part('content', 'page')
#23 /var/www/wordpress/wp-includes/template-loader.php(106): include('/var/www/wordpr...')
#24 /var/www/wordpress/wp-blog-header.php(19): require_once('/var/www/wordpr...')
#25 /var/www/wordpress/index.php(17): require('/var/www/wordpr...')
#26 {main}
  thrown in /var/www/wordpress/wp-content/plugins/woocommerce/includes/data-stores/abstract-wc-order-data-store-cpt.php on line 120

2022-12-03T07:17:43+00:00 CRITICAL Uncaught Exception: Invalid order. in /var/www/wordpress/wp-content/plugins/woocommerce/includes/data-stores/abstract-wc-order-data-store-cpt.php:120
Stack trace:
#0 /var/www/wordpress/wp-content/plugins/woocommerce/includes/class-wc-data-store.php(159): Abstract_WC_Order_Data_Store_CPT->read(Object(WC_Order))
#1 /var/www/wordpress/wp-content/plugins/woocommerce/includes/abstracts/abstract-wc-order.php(128): WC_Data_Store->read(Object(WC_Order))
#2 /var/www/wordpress/wp-content/themes/storefront-child/woocommerce/checkout/form-checkout.php(43): WC_Abstract_Order->__construct(8)
#3 /var/www/wordpress/wp-content/plugins/woocommerce/includes/wc-core-functions.php(345): include('/var/www/wordpr...')
#4 /var/www/wordpress/wp-content/plugins/woocommerce/includes/shortcodes/class-wc-shortcode-checkout.php(316): wc_get_template('checkout/form-c...', Array)
#5 /var/www/wordpress/wp-content/plugins/woocommerce/includes/shortcodes/class-wc-shortcode-checkout.php(67): WC_Shortcode_Checkout::checkout()
#6 /var/www/wordpress/wp-content/plugins/woocommerce/includes/class-wc-shortcodes.php(72): WC_Shortcode_Checkout::output('')
#7 /var/www/wordpress/wp-content/plugins/woocommerce/includes/class-wc-shortcodes.php(95): WC_Shortcodes::shortcode_wrapper(Array, '')
#8 /var/www/wordpress/wp-includes/shortcodes.php(355): WC_Shortcodes::checkout('', '', 'woocommerce_che...')
#9 [internal function]: do_shortcode_tag(Array)
#10 /var/www/wordpress/wp-includes/shortcodes.php(227): preg_replace_callback('/\\[(\\[?)(woocom...', 'do_shortcode_ta...', '[woocommerce_ch...')
#11 /var/www/wordpress/wp-includes/class-wp-hook.php(308): do_shortcode('[woocommerce_ch...')
#12 /var/www/wordpress/wp-includes/plugin.php(205): WP_Hook->apply_filters('[woocommerce_ch...', Array)
#13 /var/www/wordpress/wp-includes/post-template.php(255): apply_filters('the_content', '<!-- wp:shortco...')
#14 /var/www/wordpress/wp-content/themes/storefront/inc/storefront-template-functions.php(352): the_content()
#15 /var/www/wordpress/wp-includes/class-wp-hook.php(308): storefront_page_content('')
#16 /var/www/wordpress/wp-includes/class-wp-hook.php(332): WP_Hook->apply_filters(NULL, Array)
#17 /var/www/wordpress/wp-includes/plugin.php(517): WP_Hook->do_action(Array)
#18 /var/www/wordpress/wp-content/themes/storefront/content-page.php(18): do_action('storefront_page')
#19 /var/www/wordpress/wp-includes/template.php(785): require('/var/www/wordpr...')
#20 /var/www/wordpress/wp-includes/template.php(718): load_template('/var/www/wordpr...', false, Array)
#21 /var/www/wordpress/wp-includes/general-template.php(204): locate_template(Array, true, false, Array)
#22 /var/www/wordpress/wp-content/themes/storefront/page.php(24): get_template_part('content', 'page')
#23 /var/www/wordpress/wp-includes/template-loader.php(106): include('/var/www/wordpr...')
#24 /var/www/wordpress/wp-blog-header.php(19): require_once('/var/www/wordpr...')
#25 /var/www/wordpress/index.php(17): require('/var/www/wordpr...')
#26 {main}
  thrown in /var/www/wordpress/wp-content/plugins/woocommerce/includes/data-stores/abstract-wc-order-data-store-cpt.php on line 120

2022-12-03T07:17:50+00:00 CRITICAL Uncaught Exception: Invalid order. in /var/www/wordpress/wp-content/plugins/woocommerce/includes/data-stores/abstract-wc-order-data-store-cpt.php:120
Stack trace:
#0 /var/www/wordpress/wp-content/plugins/woocommerce/includes/class-wc-data-store.php(159): Abstract_WC_Order_Data_Store_CPT->read(Object(WC_Order))
#1 /var/www/wordpress/wp-content/plugins/woocommerce/includes/abstracts/abstract-wc-order.php(128): WC_Data_Store->read(Object(WC_Order))
#2 /var/www/wordpress/wp-content/themes/storefront-child/woocommerce/checkout/form-checkout.php(43): WC_Abstract_Order->__construct(8)
#3 /var/www/wordpress/wp-content/plugins/woocommerce/includes/wc-core-functions.php(345): include('/var/www/wordpr...')
#4 /var/www/wordpress/wp-content/plugins/woocommerce/includes/shortcodes/class-wc-shortcode-checkout.php(316): wc_get_template('checkout/form-c...', Array)
#5 /var/www/wordpress/wp-content/plugins/woocommerce/includes/shortcodes/class-wc-shortcode-checkout.php(67): WC_Shortcode_Checkout::checkout()
#6 /var/www/wordpress/wp-content/plugins/woocommerce/includes/class-wc-shortcodes.php(72): WC_Shortcode_Checkout::output('')
#7 /var/www/wordpress/wp-content/plugins/woocommerce/includes/class-wc-shortcodes.php(95): WC_Shortcodes::shortcode_wrapper(Array, '')
#8 /var/www/wordpress/wp-includes/shortcodes.php(355): WC_Shortcodes::checkout('', '', 'woocommerce_che...')
#9 [internal function]: do_shortcode_tag(Array)
#10 /var/www/wordpress/wp-includes/shortcodes.php(227): preg_replace_callback('/\\[(\\[?)(woocom...', 'do_shortcode_ta...', '[woocommerce_ch...')
#11 /var/www/wordpress/wp-includes/class-wp-hook.php(308): do_shortcode('[woocommerce_ch...')
#12 /var/www/wordpress/wp-includes/plugin.php(205): WP_Hook->apply_filters('[woocommerce_ch...', Array)
#13 /var/www/wordpress/wp-includes/post-template.php(255): apply_filters('the_content', '<!-- wp:shortco...')
#14 /var/www/wordpress/wp-content/themes/storefront/inc/storefront-template-functions.php(352): the_content()
#15 /var/www/wordpress/wp-includes/class-wp-hook.php(308): storefront_page_content('')
#16 /var/www/wordpress/wp-includes/class-wp-hook.php(332): WP_Hook->apply_filters(NULL, Array)
#17 /var/www/wordpress/wp-includes/plugin.php(517): WP_Hook->do_action(Array)
#18 /var/www/wordpress/wp-content/themes/storefront/content-page.php(18): do_action('storefront_page')
#19 /var/www/wordpress/wp-includes/template.php(785): require('/var/www/wordpr...')
#20 /var/www/wordpress/wp-includes/template.php(718): load_template('/var/www/wordpr...', false, Array)
#21 /var/www/wordpress/wp-includes/general-template.php(204): locate_template(Array, true, false, Array)
#22 /var/www/wordpress/wp-content/themes/storefront/page.php(24): get_template_part('content', 'page')
#23 /var/www/wordpress/wp-includes/template-loader.php(106): include('/var/www/wordpr...')
#24 /var/www/wordpress/wp-blog-header.php(19): require_once('/var/www/wordpr...')
#25 /var/www/wordpress/index.php(17): require('/var/www/wordpr...')
#26 {main}
  thrown in /var/www/wordpress/wp-content/plugins/woocommerce/includes/data-stores/abstract-wc-order-data-store-cpt.php on line 120

2022-12-03T07:18:18+00:00 CRITICAL Uncaught Exception: Invalid order. in /var/www/wordpress/wp-content/plugins/woocommerce/includes/data-stores/abstract-wc-order-data-store-cpt.php:120
Stack trace:
#0 /var/www/wordpress/wp-content/plugins/woocommerce/includes/class-wc-data-store.php(159): Abstract_WC_Order_Data_Store_CPT->read(Object(WC_Order))
#1 /var/www/wordpress/wp-content/plugins/woocommerce/includes/abstracts/abstract-wc-order.php(128): WC_Data_Store->read(Object(WC_Order))
#2 /var/www/wordpress/wp-content/themes/storefront-child/woocommerce/checkout/form-checkout.php(43): WC_Abstract_Order->__construct(8)
#3 /var/www/wordpress/wp-content/plugins/woocommerce/includes/wc-core-functions.php(345): include('/var/www/wordpr...')
#4 /var/www/wordpress/wp-content/plugins/woocommerce/includes/shortcodes/class-wc-shortcode-checkout.php(316): wc_get_template('checkout/form-c...', Array)
#5 /var/www/wordpress/wp-content/plugins/woocommerce/includes/shortcodes/class-wc-shortcode-checkout.php(67): WC_Shortcode_Checkout::checkout()
#6 /var/www/wordpress/wp-content/plugins/woocommerce/includes/class-wc-shortcodes.php(72): WC_Shortcode_Checkout::output('')
#7 /var/www/wordpress/wp-content/plugins/woocommerce/includes/class-wc-shortcodes.php(95): WC_Shortcodes::shortcode_wrapper(Array, '')
#8 /var/www/wordpress/wp-includes/shortcodes.php(355): WC_Shortcodes::checkout('', '', 'woocommerce_che...')
#9 [internal function]: do_shortcode_tag(Array)
#10 /var/www/wordpress/wp-includes/shortcodes.php(227): preg_replace_callback('/\\[(\\[?)(woocom...', 'do_shortcode_ta...', '[woocommerce_ch...')
#11 /var/www/wordpress/wp-includes/class-wp-hook.php(308): do_shortcode('[woocommerce_ch...')
#12 /var/www/wordpress/wp-includes/plugin.php(205): WP_Hook->apply_filters('[woocommerce_ch...', Array)
#13 /var/www/wordpress/wp-includes/post-template.php(255): apply_filters('the_content', '<!-- wp:shortco...')
#14 /var/www/wordpress/wp-content/themes/storefront/inc/storefront-template-functions.php(352): the_content()
#15 /var/www/wordpress/wp-includes/class-wp-hook.php(308): storefront_page_content('')
#16 /var/www/wordpress/wp-includes/class-wp-hook.php(332): WP_Hook->apply_filters(NULL, Array)
#17 /var/www/wordpress/wp-includes/plugin.php(517): WP_Hook->do_action(Array)
#18 /var/www/wordpress/wp-content/themes/storefront/content-page.php(18): do_action('storefront_page')
#19 /var/www/wordpress/wp-includes/template.php(785): require('/var/www/wordpr...')
#20 /var/www/wordpress/wp-includes/template.php(718): load_template('/var/www/wordpr...', false, Array)
#21 /var/www/wordpress/wp-includes/general-template.php(204): locate_template(Array, true, false, Array)
#22 /var/www/wordpress/wp-content/themes/storefront/page.php(24): get_template_part('content', 'page')
#23 /var/www/wordpress/wp-includes/template-loader.php(106): include('/var/www/wordpr...')
#24 /var/www/wordpress/wp-blog-header.php(19): require_once('/var/www/wordpr...')
#25 /var/www/wordpress/index.php(17): require('/var/www/wordpr...')
#26 {main}
  thrown in /var/www/wordpress/wp-content/plugins/woocommerce/includes/data-stores/abstract-wc-order-data-store-cpt.php on line 120

2022-12-03T08:27:55+00:00 CRITICAL Uncaught Error: Call to a member function get_id() on null in /var/www/wordpress/wp-content/themes/storefront-child/woocommerce/checkout/form-checkout.php:34
Stack trace:
#0 /var/www/wordpress/wp-content/plugins/woocommerce/includes/wc-core-functions.php(345): include()
#1 /var/www/wordpress/wp-content/plugins/woocommerce/includes/shortcodes/class-wc-shortcode-checkout.php(316): wc_get_template('checkout/form-c...', Array)
#2 /var/www/wordpress/wp-content/plugins/woocommerce/includes/shortcodes/class-wc-shortcode-checkout.php(67): WC_Shortcode_Checkout::checkout()
#3 /var/www/wordpress/wp-content/plugins/woocommerce/includes/class-wc-shortcodes.php(72): WC_Shortcode_Checkout::output('')
#4 /var/www/wordpress/wp-content/plugins/woocommerce/includes/class-wc-shortcodes.php(95): WC_Shortcodes::shortcode_wrapper(Array, '')
#5 /var/www/wordpress/wp-includes/shortcodes.php(355): WC_Shortcodes::checkout('', '', 'woocommerce_che...')
#6 [internal function]: do_shortcode_tag(Array)
#7 /var/www/wordpress/wp-includes/shortcodes.php(227): preg_replace_callback('/\\[(\\[?)(woocom...', 'do_shortcode_ta...', '[woocommerce_ch...')
#8 /var/www/wordpress/wp-includes/class-wp-hook.php(308): do_shortcode('[woocommerce_ch...')
#9 /var/www/wordpress/wp-includes/plugin.php(205): WP_Hook->apply_filters('[woocommerce_ch...', Array)
#10 /var/www/wordpress/wp-includes/post-template.php(255): apply_filters('the_content', '<!-- wp:shortco...')
#11 /var/www/wordpress/wp-content/themes/storefront/inc/storefront-template-functions.php(352): the_content()
#12 /var/www/wordpress/wp-includes/class-wp-hook.php(308): storefront_page_content('')
#13 /var/www/wordpress/wp-includes/class-wp-hook.php(332): WP_Hook->apply_filters(NULL, Array)
#14 /var/www/wordpress/wp-includes/plugin.php(517): WP_Hook->do_action(Array)
#15 /var/www/wordpress/wp-content/themes/storefront/content-page.php(18): do_action('storefront_page')
#16 /var/www/wordpress/wp-includes/template.php(785): require('/var/www/wordpr...')
#17 /var/www/wordpress/wp-includes/template.php(718): load_template('/var/www/wordpr...', false, Array)
#18 /var/www/wordpress/wp-includes/general-template.php(204): locate_template(Array, true, false, Array)
#19 /var/www/wordpress/wp-content/themes/storefront/page.php(24): get_template_part('content', 'page')
#20 /var/www/wordpress/wp-includes/template-loader.php(106): include('/var/www/wordpr...')
#21 /var/www/wordpress/wp-blog-header.php(19): require_once('/var/www/wordpr...')
#22 /var/www/wordpress/index.php(17): require('/var/www/wordpr...')
#23 {main}
  thrown in /var/www/wordpress/wp-content/themes/storefront-child/woocommerce/checkout/form-checkout.php on line 34

2022-12-03T08:29:49+00:00 CRITICAL syntax error, unexpected token "->", expecting identifier or variable or "{" or "$" in /var/www/wordpress/wp-content/themes/storefront-child/woocommerce/checkout/form-checkout.php on line 34

2022-12-03T08:29:50+00:00 CRITICAL syntax error, unexpected token "->", expecting identifier or variable or "{" or "$" in /var/www/wordpress/wp-content/themes/storefront-child/woocommerce/checkout/form-checkout.php on line 34

2022-12-03T10:19:50+00:00 CRITICAL syntax error, unexpected token "=", expecting "->" or "?->" or "{" or "[" in /var/www/wordpress/wp-content/themes/storefront-child/woocommerce/checkout/form-checkout.php on line 72

2022-12-03T10:23:26+00:00 CRITICAL Uncaught Error: Cannot use object of type WC_Product_Simple as array in /var/www/wordpress/wp-content/themes/storefront-child/woocommerce/checkout/form-checkout.php:58
Stack trace:
#0 /var/www/wordpress/wp-content/plugins/woocommerce/includes/wc-core-functions.php(345): include()
#1 /var/www/wordpress/wp-content/plugins/woocommerce/includes/shortcodes/class-wc-shortcode-checkout.php(316): wc_get_template('checkout/form-c...', Array)
#2 /var/www/wordpress/wp-content/plugins/woocommerce/includes/shortcodes/class-wc-shortcode-checkout.php(67): WC_Shortcode_Checkout::checkout()
#3 /var/www/wordpress/wp-content/plugins/woocommerce/includes/class-wc-shortcodes.php(72): WC_Shortcode_Checkout::output('')
#4 /var/www/wordpress/wp-content/plugins/woocommerce/includes/class-wc-shortcodes.php(95): WC_Shortcodes::shortcode_wrapper(Array, '')
#5 /var/www/wordpress/wp-includes/shortcodes.php(355): WC_Shortcodes::checkout('', '', 'woocommerce_che...')
#6 [internal function]: do_shortcode_tag(Array)
#7 /var/www/wordpress/wp-includes/shortcodes.php(227): preg_replace_callback('/\\[(\\[?)(woocom...', 'do_shortcode_ta...', '[woocommerce_ch...')
#8 /var/www/wordpress/wp-includes/class-wp-hook.php(308): do_shortcode('[woocommerce_ch...')
#9 /var/www/wordpress/wp-includes/plugin.php(205): WP_Hook->apply_filters('[woocommerce_ch...', Array)
#10 /var/www/wordpress/wp-includes/post-template.php(255): apply_filters('the_content', '<!-- wp:shortco...')
#11 /var/www/wordpress/wp-content/themes/storefront/inc/storefront-template-functions.php(352): the_content()
#12 /var/www/wordpress/wp-includes/class-wp-hook.php(308): storefront_page_content('')
#13 /var/www/wordpress/wp-includes/class-wp-hook.php(332): WP_Hook->apply_filters(NULL, Array)
#14 /var/www/wordpress/wp-includes/plugin.php(517): WP_Hook->do_action(Array)
#15 /var/www/wordpress/wp-content/themes/storefront/content-page.php(18): do_action('storefront_page')
#16 /var/www/wordpress/wp-includes/template.php(785): require('/var/www/wordpr...')
#17 /var/www/wordpress/wp-includes/template.php(718): load_template('/var/www/wordpr...', false, Array)
#18 /var/www/wordpress/wp-includes/general-template.php(204): locate_template(Array, true, false, Array)
#19 /var/www/wordpress/wp-content/themes/storefront/page.php(24): get_template_part('content', 'page')
#20 /var/www/wordpress/wp-includes/template-loader.php(106): include('/var/www/wordpr...')
#21 /var/www/wordpress/wp-blog-header.php(19): require_once('/var/www/wordpr...')
#22 /var/www/wordpress/index.php(17): require('/var/www/wordpr...')
#23 {main}
  thrown in /var/www/wordpress/wp-content/themes/storefront-child/woocommerce/checkout/form-checkout.php on line 58

