2022-12-04T02:00:56+00:00 CRITICAL Uncaught Error: Call to a member function get_formatted_order_total() on string in /var/www/wordpress/wp-content/themes/storefront-child/woocommerce/checkout/form-checkout.php:83
Stack trace:
#0 /var/www/wordpress/wp-content/plugins/woocommerce/includes/wc-core-functions.php(345): include()
#1 /var/www/wordpress/wp-content/plugins/woocommerce/includes/shortcodes/class-wc-shortcode-checkout.php(316): wc_get_template('checkout/form-c...', Array)
#2 /var/www/wordpress/wp-content/plugins/woocommerce/includes/shortcodes/class-wc-shortcode-checkout.php(67): WC_Shortcode_Checkout::checkout()
#3 /var/www/wordpress/wp-content/plugins/woocommerce/includes/class-wc-shortcodes.php(72): WC_Shortcode_Checkout::output('')
#4 /var/www/wordpress/wp-content/plugins/woocommerce/includes/class-wc-shortcodes.php(95): WC_Shortcodes::shortcode_wrapper(Array, '')
#5 /var/www/wordpress/wp-includes/shortcodes.php(355): WC_Shortcodes::checkout('', '', 'woocommerce_che...')
#6 [internal function]: do_shortcode_tag(Array)
#7 /var/www/wordpress/wp-includes/shortcodes.php(227): preg_replace_callback('/\\[(\\[?)(woocom...', 'do_shortcode_ta...', '[woocommerce_ch...')
#8 /var/www/wordpress/wp-includes/class-wp-hook.php(308): do_shortcode('[woocommerce_ch...')
#9 /var/www/wordpress/wp-includes/plugin.php(205): WP_Hook->apply_filters('[woocommerce_ch...', Array)
#10 /var/www/wordpress/wp-includes/post-template.php(255): apply_filters('the_content', '<!-- wp:shortco...')
#11 /var/www/wordpress/wp-content/themes/storefront/inc/storefront-template-functions.php(352): the_content()
#12 /var/www/wordpress/wp-includes/class-wp-hook.php(308): storefront_page_content('')
#13 /var/www/wordpress/wp-includes/class-wp-hook.php(332): WP_Hook->apply_filters(NULL, Array)
#14 /var/www/wordpress/wp-includes/plugin.php(517): WP_Hook->do_action(Array)
#15 /var/www/wordpress/wp-content/themes/storefront/content-page.php(18): do_action('storefront_page')
#16 /var/www/wordpress/wp-includes/template.php(785): require('/var/www/wordpr...')
#17 /var/www/wordpress/wp-includes/template.php(718): load_template('/var/www/wordpr...', false, Array)
#18 /var/www/wordpress/wp-includes/general-template.php(204): locate_template(Array, true, false, Array)
#19 /var/www/wordpress/wp-content/themes/storefront/page.php(24): get_template_part('content', 'page')
#20 /var/www/wordpress/wp-includes/template-loader.php(106): include('/var/www/wordpr...')
#21 /var/www/wordpress/wp-blog-header.php(19): require_once('/var/www/wordpr...')
#22 /var/www/wordpress/index.php(17): require('/var/www/wordpr...')
#23 {main}
  thrown in /var/www/wordpress/wp-content/themes/storefront-child/woocommerce/checkout/form-checkout.php on line 83

2022-12-04T02:11:40+00:00 CRITICAL Uncaught Exception: A valid WC_Cart object is required in /var/www/wordpress/wp-content/plugins/woocommerce/includes/class-wc-cart-totals.php:129
Stack trace:
#0 /var/www/wordpress/wp-content/themes/storefront-child/woocommerce/checkout/form-checkout.php(85): WC_Cart_Totals->__construct()
#1 /var/www/wordpress/wp-content/plugins/woocommerce/includes/wc-core-functions.php(345): include('/var/www/wordpr...')
#2 /var/www/wordpress/wp-content/plugins/woocommerce/includes/shortcodes/class-wc-shortcode-checkout.php(316): wc_get_template('checkout/form-c...', Array)
#3 /var/www/wordpress/wp-content/plugins/woocommerce/includes/shortcodes/class-wc-shortcode-checkout.php(67): WC_Shortcode_Checkout::checkout()
#4 /var/www/wordpress/wp-content/plugins/woocommerce/includes/class-wc-shortcodes.php(72): WC_Shortcode_Checkout::output('')
#5 /var/www/wordpress/wp-content/plugins/woocommerce/includes/class-wc-shortcodes.php(95): WC_Shortcodes::shortcode_wrapper(Array, '')
#6 /var/www/wordpress/wp-includes/shortcodes.php(355): WC_Shortcodes::checkout('', '', 'woocommerce_che...')
#7 [internal function]: do_shortcode_tag(Array)
#8 /var/www/wordpress/wp-includes/shortcodes.php(227): preg_replace_callback('/\\[(\\[?)(woocom...', 'do_shortcode_ta...', '[woocommerce_ch...')
#9 /var/www/wordpress/wp-includes/class-wp-hook.php(308): do_shortcode('[woocommerce_ch...')
#10 /var/www/wordpress/wp-includes/plugin.php(205): WP_Hook->apply_filters('[woocommerce_ch...', Array)
#11 /var/www/wordpress/wp-includes/post-template.php(255): apply_filters('the_content', '<!-- wp:shortco...')
#12 /var/www/wordpress/wp-content/themes/storefront/inc/storefront-template-functions.php(352): the_content()
#13 /var/www/wordpress/wp-includes/class-wp-hook.php(308): storefront_page_content('')
#14 /var/www/wordpress/wp-includes/class-wp-hook.php(332): WP_Hook->apply_filters(NULL, Array)
#15 /var/www/wordpress/wp-includes/plugin.php(517): WP_Hook->do_action(Array)
#16 /var/www/wordpress/wp-content/themes/storefront/content-page.php(18): do_action('storefront_page')
#17 /var/www/wordpress/wp-includes/template.php(785): require('/var/www/wordpr...')
#18 /var/www/wordpress/wp-includes/template.php(718): load_template('/var/www/wordpr...', false, Array)
#19 /var/www/wordpress/wp-includes/general-template.php(204): locate_template(Array, true, false, Array)
#20 /var/www/wordpress/wp-content/themes/storefront/page.php(24): get_template_part('content', 'page')
#21 /var/www/wordpress/wp-includes/template-loader.php(106): include('/var/www/wordpr...')
#22 /var/www/wordpress/wp-blog-header.php(19): require_once('/var/www/wordpr...')
#23 /var/www/wordpress/index.php(17): require('/var/www/wordpr...')
#24 {main}
  thrown in /var/www/wordpress/wp-content/plugins/woocommerce/includes/class-wc-cart-totals.php on line 129

2022-12-04T02:11:45+00:00 CRITICAL Uncaught Exception: A valid WC_Cart object is required in /var/www/wordpress/wp-content/plugins/woocommerce/includes/class-wc-cart-totals.php:129
Stack trace:
#0 /var/www/wordpress/wp-content/themes/storefront-child/woocommerce/checkout/form-checkout.php(85): WC_Cart_Totals->__construct()
#1 /var/www/wordpress/wp-content/plugins/woocommerce/includes/wc-core-functions.php(345): include('/var/www/wordpr...')
#2 /var/www/wordpress/wp-content/plugins/woocommerce/includes/shortcodes/class-wc-shortcode-checkout.php(316): wc_get_template('checkout/form-c...', Array)
#3 /var/www/wordpress/wp-content/plugins/woocommerce/includes/shortcodes/class-wc-shortcode-checkout.php(67): WC_Shortcode_Checkout::checkout()
#4 /var/www/wordpress/wp-content/plugins/woocommerce/includes/class-wc-shortcodes.php(72): WC_Shortcode_Checkout::output('')
#5 /var/www/wordpress/wp-content/plugins/woocommerce/includes/class-wc-shortcodes.php(95): WC_Shortcodes::shortcode_wrapper(Array, '')
#6 /var/www/wordpress/wp-includes/shortcodes.php(355): WC_Shortcodes::checkout('', '', 'woocommerce_che...')
#7 [internal function]: do_shortcode_tag(Array)
#8 /var/www/wordpress/wp-includes/shortcodes.php(227): preg_replace_callback('/\\[(\\[?)(woocom...', 'do_shortcode_ta...', '[woocommerce_ch...')
#9 /var/www/wordpress/wp-includes/class-wp-hook.php(308): do_shortcode('[woocommerce_ch...')
#10 /var/www/wordpress/wp-includes/plugin.php(205): WP_Hook->apply_filters('[woocommerce_ch...', Array)
#11 /var/www/wordpress/wp-includes/post-template.php(255): apply_filters('the_content', '<!-- wp:shortco...')
#12 /var/www/wordpress/wp-content/themes/storefront/inc/storefront-template-functions.php(352): the_content()
#13 /var/www/wordpress/wp-includes/class-wp-hook.php(308): storefront_page_content('')
#14 /var/www/wordpress/wp-includes/class-wp-hook.php(332): WP_Hook->apply_filters(NULL, Array)
#15 /var/www/wordpress/wp-includes/plugin.php(517): WP_Hook->do_action(Array)
#16 /var/www/wordpress/wp-content/themes/storefront/content-page.php(18): do_action('storefront_page')
#17 /var/www/wordpress/wp-includes/template.php(785): require('/var/www/wordpr...')
#18 /var/www/wordpress/wp-includes/template.php(718): load_template('/var/www/wordpr...', false, Array)
#19 /var/www/wordpress/wp-includes/general-template.php(204): locate_template(Array, true, false, Array)
#20 /var/www/wordpress/wp-content/themes/storefront/page.php(24): get_template_part('content', 'page')
#21 /var/www/wordpress/wp-includes/template-loader.php(106): include('/var/www/wordpr...')
#22 /var/www/wordpress/wp-blog-header.php(19): require_once('/var/www/wordpr...')
#23 /var/www/wordpress/index.php(17): require('/var/www/wordpr...')
#24 {main}
  thrown in /var/www/wordpress/wp-content/plugins/woocommerce/includes/class-wc-cart-totals.php on line 129

2022-12-04T02:12:17+00:00 CRITICAL Uncaught Exception: A valid WC_Cart object is required in /var/www/wordpress/wp-content/plugins/woocommerce/includes/class-wc-cart-totals.php:129
Stack trace:
#0 /var/www/wordpress/wp-content/themes/storefront-child/woocommerce/checkout/form-checkout.php(85): WC_Cart_Totals->__construct(Array)
#1 /var/www/wordpress/wp-content/plugins/woocommerce/includes/wc-core-functions.php(345): include('/var/www/wordpr...')
#2 /var/www/wordpress/wp-content/plugins/woocommerce/includes/shortcodes/class-wc-shortcode-checkout.php(316): wc_get_template('checkout/form-c...', Array)
#3 /var/www/wordpress/wp-content/plugins/woocommerce/includes/shortcodes/class-wc-shortcode-checkout.php(67): WC_Shortcode_Checkout::checkout()
#4 /var/www/wordpress/wp-content/plugins/woocommerce/includes/class-wc-shortcodes.php(72): WC_Shortcode_Checkout::output('')
#5 /var/www/wordpress/wp-content/plugins/woocommerce/includes/class-wc-shortcodes.php(95): WC_Shortcodes::shortcode_wrapper(Array, '')
#6 /var/www/wordpress/wp-includes/shortcodes.php(355): WC_Shortcodes::checkout('', '', 'woocommerce_che...')
#7 [internal function]: do_shortcode_tag(Array)
#8 /var/www/wordpress/wp-includes/shortcodes.php(227): preg_replace_callback('/\\[(\\[?)(woocom...', 'do_shortcode_ta...', '[woocommerce_ch...')
#9 /var/www/wordpress/wp-includes/class-wp-hook.php(308): do_shortcode('[woocommerce_ch...')
#10 /var/www/wordpress/wp-includes/plugin.php(205): WP_Hook->apply_filters('[woocommerce_ch...', Array)
#11 /var/www/wordpress/wp-includes/post-template.php(255): apply_filters('the_content', '<!-- wp:shortco...')
#12 /var/www/wordpress/wp-content/themes/storefront/inc/storefront-template-functions.php(352): the_content()
#13 /var/www/wordpress/wp-includes/class-wp-hook.php(308): storefront_page_content('')
#14 /var/www/wordpress/wp-includes/class-wp-hook.php(332): WP_Hook->apply_filters(NULL, Array)
#15 /var/www/wordpress/wp-includes/plugin.php(517): WP_Hook->do_action(Array)
#16 /var/www/wordpress/wp-content/themes/storefront/content-page.php(18): do_action('storefront_page')
#17 /var/www/wordpress/wp-includes/template.php(785): require('/var/www/wordpr...')
#18 /var/www/wordpress/wp-includes/template.php(718): load_template('/var/www/wordpr...', false, Array)
#19 /var/www/wordpress/wp-includes/general-template.php(204): locate_template(Array, true, false, Array)
#20 /var/www/wordpress/wp-content/themes/storefront/page.php(24): get_template_part('content', 'page')
#21 /var/www/wordpress/wp-includes/template-loader.php(106): include('/var/www/wordpr...')
#22 /var/www/wordpress/wp-blog-header.php(19): require_once('/var/www/wordpr...')
#23 /var/www/wordpress/index.php(17): require('/var/www/wordpr...')
#24 {main}
  thrown in /var/www/wordpress/wp-content/plugins/woocommerce/includes/class-wc-cart-totals.php on line 129

2022-12-04T02:12:19+00:00 CRITICAL Uncaught Exception: A valid WC_Cart object is required in /var/www/wordpress/wp-content/plugins/woocommerce/includes/class-wc-cart-totals.php:129
Stack trace:
#0 /var/www/wordpress/wp-content/themes/storefront-child/woocommerce/checkout/form-checkout.php(85): WC_Cart_Totals->__construct(Array)
#1 /var/www/wordpress/wp-content/plugins/woocommerce/includes/wc-core-functions.php(345): include('/var/www/wordpr...')
#2 /var/www/wordpress/wp-content/plugins/woocommerce/includes/shortcodes/class-wc-shortcode-checkout.php(316): wc_get_template('checkout/form-c...', Array)
#3 /var/www/wordpress/wp-content/plugins/woocommerce/includes/shortcodes/class-wc-shortcode-checkout.php(67): WC_Shortcode_Checkout::checkout()
#4 /var/www/wordpress/wp-content/plugins/woocommerce/includes/class-wc-shortcodes.php(72): WC_Shortcode_Checkout::output('')
#5 /var/www/wordpress/wp-content/plugins/woocommerce/includes/class-wc-shortcodes.php(95): WC_Shortcodes::shortcode_wrapper(Array, '')
#6 /var/www/wordpress/wp-includes/shortcodes.php(355): WC_Shortcodes::checkout('', '', 'woocommerce_che...')
#7 [internal function]: do_shortcode_tag(Array)
#8 /var/www/wordpress/wp-includes/shortcodes.php(227): preg_replace_callback('/\\[(\\[?)(woocom...', 'do_shortcode_ta...', '[woocommerce_ch...')
#9 /var/www/wordpress/wp-includes/class-wp-hook.php(308): do_shortcode('[woocommerce_ch...')
#10 /var/www/wordpress/wp-includes/plugin.php(205): WP_Hook->apply_filters('[woocommerce_ch...', Array)
#11 /var/www/wordpress/wp-includes/post-template.php(255): apply_filters('the_content', '<!-- wp:shortco...')
#12 /var/www/wordpress/wp-content/themes/storefront/inc/storefront-template-functions.php(352): the_content()
#13 /var/www/wordpress/wp-includes/class-wp-hook.php(308): storefront_page_content('')
#14 /var/www/wordpress/wp-includes/class-wp-hook.php(332): WP_Hook->apply_filters(NULL, Array)
#15 /var/www/wordpress/wp-includes/plugin.php(517): WP_Hook->do_action(Array)
#16 /var/www/wordpress/wp-content/themes/storefront/content-page.php(18): do_action('storefront_page')
#17 /var/www/wordpress/wp-includes/template.php(785): require('/var/www/wordpr...')
#18 /var/www/wordpress/wp-includes/template.php(718): load_template('/var/www/wordpr...', false, Array)
#19 /var/www/wordpress/wp-includes/general-template.php(204): locate_template(Array, true, false, Array)
#20 /var/www/wordpress/wp-content/themes/storefront/page.php(24): get_template_part('content', 'page')
#21 /var/www/wordpress/wp-includes/template-loader.php(106): include('/var/www/wordpr...')
#22 /var/www/wordpress/wp-blog-header.php(19): require_once('/var/www/wordpr...')
#23 /var/www/wordpress/index.php(17): require('/var/www/wordpr...')
#24 {main}
  thrown in /var/www/wordpress/wp-content/plugins/woocommerce/includes/class-wc-cart-totals.php on line 129

2022-12-04T02:18:00+00:00 CRITICAL Uncaught Error: Call to undefined method WC_Cart_Totals::total() in /var/www/wordpress/wp-content/themes/storefront-child/woocommerce/checkout/form-checkout.php:88
Stack trace:
#0 /var/www/wordpress/wp-content/plugins/woocommerce/includes/wc-core-functions.php(345): include()
#1 /var/www/wordpress/wp-content/plugins/woocommerce/includes/shortcodes/class-wc-shortcode-checkout.php(316): wc_get_template('checkout/form-c...', Array)
#2 /var/www/wordpress/wp-content/plugins/woocommerce/includes/shortcodes/class-wc-shortcode-checkout.php(67): WC_Shortcode_Checkout::checkout()
#3 /var/www/wordpress/wp-content/plugins/woocommerce/includes/class-wc-shortcodes.php(72): WC_Shortcode_Checkout::output('')
#4 /var/www/wordpress/wp-content/plugins/woocommerce/includes/class-wc-shortcodes.php(95): WC_Shortcodes::shortcode_wrapper(Array, '')
#5 /var/www/wordpress/wp-includes/shortcodes.php(355): WC_Shortcodes::checkout('', '', 'woocommerce_che...')
#6 [internal function]: do_shortcode_tag(Array)
#7 /var/www/wordpress/wp-includes/shortcodes.php(227): preg_replace_callback('/\\[(\\[?)(woocom...', 'do_shortcode_ta...', '[woocommerce_ch...')
#8 /var/www/wordpress/wp-includes/class-wp-hook.php(308): do_shortcode('[woocommerce_ch...')
#9 /var/www/wordpress/wp-includes/plugin.php(205): WP_Hook->apply_filters('[woocommerce_ch...', Array)
#10 /var/www/wordpress/wp-includes/post-template.php(255): apply_filters('the_content', '<!-- wp:shortco...')
#11 /var/www/wordpress/wp-content/themes/storefront/inc/storefront-template-functions.php(352): the_content()
#12 /var/www/wordpress/wp-includes/class-wp-hook.php(308): storefront_page_content('')
#13 /var/www/wordpress/wp-includes/class-wp-hook.php(332): WP_Hook->apply_filters(NULL, Array)
#14 /var/www/wordpress/wp-includes/plugin.php(517): WP_Hook->do_action(Array)
#15 /var/www/wordpress/wp-content/themes/storefront/content-page.php(18): do_action('storefront_page')
#16 /var/www/wordpress/wp-includes/template.php(785): require('/var/www/wordpr...')
#17 /var/www/wordpress/wp-includes/template.php(718): load_template('/var/www/wordpr...', false, Array)
#18 /var/www/wordpress/wp-includes/general-template.php(204): locate_template(Array, true, false, Array)
#19 /var/www/wordpress/wp-content/themes/storefront/page.php(24): get_template_part('content', 'page')
#20 /var/www/wordpress/wp-includes/template-loader.php(106): include('/var/www/wordpr...')
#21 /var/www/wordpress/wp-blog-header.php(19): require_once('/var/www/wordpr...')
#22 /var/www/wordpress/index.php(17): require('/var/www/wordpr...')
#23 {main}
  thrown in /var/www/wordpress/wp-content/themes/storefront-child/woocommerce/checkout/form-checkout.php on line 88

2022-12-04T02:18:48+00:00 CRITICAL Uncaught Error: Cannot access protected property WC_Cart_Totals::$totals in /var/www/wordpress/wp-content/themes/storefront-child/woocommerce/checkout/form-checkout.php:88
Stack trace:
#0 /var/www/wordpress/wp-content/plugins/woocommerce/includes/wc-core-functions.php(345): include()
#1 /var/www/wordpress/wp-content/plugins/woocommerce/includes/shortcodes/class-wc-shortcode-checkout.php(316): wc_get_template('checkout/form-c...', Array)
#2 /var/www/wordpress/wp-content/plugins/woocommerce/includes/shortcodes/class-wc-shortcode-checkout.php(67): WC_Shortcode_Checkout::checkout()
#3 /var/www/wordpress/wp-content/plugins/woocommerce/includes/class-wc-shortcodes.php(72): WC_Shortcode_Checkout::output('')
#4 /var/www/wordpress/wp-content/plugins/woocommerce/includes/class-wc-shortcodes.php(95): WC_Shortcodes::shortcode_wrapper(Array, '')
#5 /var/www/wordpress/wp-includes/shortcodes.php(355): WC_Shortcodes::checkout('', '', 'woocommerce_che...')
#6 [internal function]: do_shortcode_tag(Array)
#7 /var/www/wordpress/wp-includes/shortcodes.php(227): preg_replace_callback('/\\[(\\[?)(woocom...', 'do_shortcode_ta...', '[woocommerce_ch...')
#8 /var/www/wordpress/wp-includes/class-wp-hook.php(308): do_shortcode('[woocommerce_ch...')
#9 /var/www/wordpress/wp-includes/plugin.php(205): WP_Hook->apply_filters('[woocommerce_ch...', Array)
#10 /var/www/wordpress/wp-includes/post-template.php(255): apply_filters('the_content', '<!-- wp:shortco...')
#11 /var/www/wordpress/wp-content/themes/storefront/inc/storefront-template-functions.php(352): the_content()
#12 /var/www/wordpress/wp-includes/class-wp-hook.php(308): storefront_page_content('')
#13 /var/www/wordpress/wp-includes/class-wp-hook.php(332): WP_Hook->apply_filters(NULL, Array)
#14 /var/www/wordpress/wp-includes/plugin.php(517): WP_Hook->do_action(Array)
#15 /var/www/wordpress/wp-content/themes/storefront/content-page.php(18): do_action('storefront_page')
#16 /var/www/wordpress/wp-includes/template.php(785): require('/var/www/wordpr...')
#17 /var/www/wordpress/wp-includes/template.php(718): load_template('/var/www/wordpr...', false, Array)
#18 /var/www/wordpress/wp-includes/general-template.php(204): locate_template(Array, true, false, Array)
#19 /var/www/wordpress/wp-content/themes/storefront/page.php(24): get_template_part('content', 'page')
#20 /var/www/wordpress/wp-includes/template-loader.php(106): include('/var/www/wordpr...')
#21 /var/www/wordpress/wp-blog-header.php(19): require_once('/var/www/wordpr...')
#22 /var/www/wordpress/index.php(17): require('/var/www/wordpr...')
#23 {main}
  thrown in /var/www/wordpress/wp-content/themes/storefront-child/woocommerce/checkout/form-checkout.php on line 88

2022-12-04T02:18:51+00:00 CRITICAL Uncaught Error: Cannot access protected property WC_Cart_Totals::$totals in /var/www/wordpress/wp-content/themes/storefront-child/woocommerce/checkout/form-checkout.php:88
Stack trace:
#0 /var/www/wordpress/wp-content/plugins/woocommerce/includes/wc-core-functions.php(345): include()
#1 /var/www/wordpress/wp-content/plugins/woocommerce/includes/shortcodes/class-wc-shortcode-checkout.php(316): wc_get_template('checkout/form-c...', Array)
#2 /var/www/wordpress/wp-content/plugins/woocommerce/includes/shortcodes/class-wc-shortcode-checkout.php(67): WC_Shortcode_Checkout::checkout()
#3 /var/www/wordpress/wp-content/plugins/woocommerce/includes/class-wc-shortcodes.php(72): WC_Shortcode_Checkout::output('')
#4 /var/www/wordpress/wp-content/plugins/woocommerce/includes/class-wc-shortcodes.php(95): WC_Shortcodes::shortcode_wrapper(Array, '')
#5 /var/www/wordpress/wp-includes/shortcodes.php(355): WC_Shortcodes::checkout('', '', 'woocommerce_che...')
#6 [internal function]: do_shortcode_tag(Array)
#7 /var/www/wordpress/wp-includes/shortcodes.php(227): preg_replace_callback('/\\[(\\[?)(woocom...', 'do_shortcode_ta...', '[woocommerce_ch...')
#8 /var/www/wordpress/wp-includes/class-wp-hook.php(308): do_shortcode('[woocommerce_ch...')
#9 /var/www/wordpress/wp-includes/plugin.php(205): WP_Hook->apply_filters('[woocommerce_ch...', Array)
#10 /var/www/wordpress/wp-includes/post-template.php(255): apply_filters('the_content', '<!-- wp:shortco...')
#11 /var/www/wordpress/wp-content/themes/storefront/inc/storefront-template-functions.php(352): the_content()
#12 /var/www/wordpress/wp-includes/class-wp-hook.php(308): storefront_page_content('')
#13 /var/www/wordpress/wp-includes/class-wp-hook.php(332): WP_Hook->apply_filters(NULL, Array)
#14 /var/www/wordpress/wp-includes/plugin.php(517): WP_Hook->do_action(Array)
#15 /var/www/wordpress/wp-content/themes/storefront/content-page.php(18): do_action('storefront_page')
#16 /var/www/wordpress/wp-includes/template.php(785): require('/var/www/wordpr...')
#17 /var/www/wordpress/wp-includes/template.php(718): load_template('/var/www/wordpr...', false, Array)
#18 /var/www/wordpress/wp-includes/general-template.php(204): locate_template(Array, true, false, Array)
#19 /var/www/wordpress/wp-content/themes/storefront/page.php(24): get_template_part('content', 'page')
#20 /var/www/wordpress/wp-includes/template-loader.php(106): include('/var/www/wordpr...')
#21 /var/www/wordpress/wp-blog-header.php(19): require_once('/var/www/wordpr...')
#22 /var/www/wordpress/index.php(17): require('/var/www/wordpr...')
#23 {main}
  thrown in /var/www/wordpress/wp-content/themes/storefront-child/woocommerce/checkout/form-checkout.php on line 88

2022-12-04T02:26:55+00:00 CRITICAL Uncaught Error: Call to undefined function WC_Cart() in /var/www/wordpress/wp-content/themes/storefront-child/woocommerce/checkout/form-checkout.php:88
Stack trace:
#0 /var/www/wordpress/wp-content/plugins/woocommerce/includes/wc-core-functions.php(345): include()
#1 /var/www/wordpress/wp-content/plugins/woocommerce/includes/shortcodes/class-wc-shortcode-checkout.php(316): wc_get_template('checkout/form-c...', Array)
#2 /var/www/wordpress/wp-content/plugins/woocommerce/includes/shortcodes/class-wc-shortcode-checkout.php(67): WC_Shortcode_Checkout::checkout()
#3 /var/www/wordpress/wp-content/plugins/woocommerce/includes/class-wc-shortcodes.php(72): WC_Shortcode_Checkout::output('')
#4 /var/www/wordpress/wp-content/plugins/woocommerce/includes/class-wc-shortcodes.php(95): WC_Shortcodes::shortcode_wrapper(Array, '')
#5 /var/www/wordpress/wp-includes/shortcodes.php(355): WC_Shortcodes::checkout('', '', 'woocommerce_che...')
#6 [internal function]: do_shortcode_tag(Array)
#7 /var/www/wordpress/wp-includes/shortcodes.php(227): preg_replace_callback('/\\[(\\[?)(woocom...', 'do_shortcode_ta...', '[woocommerce_ch...')
#8 /var/www/wordpress/wp-includes/class-wp-hook.php(308): do_shortcode('[woocommerce_ch...')
#9 /var/www/wordpress/wp-includes/plugin.php(205): WP_Hook->apply_filters('[woocommerce_ch...', Array)
#10 /var/www/wordpress/wp-includes/post-template.php(255): apply_filters('the_content', '<!-- wp:shortco...')
#11 /var/www/wordpress/wp-content/themes/storefront/inc/storefront-template-functions.php(352): the_content()
#12 /var/www/wordpress/wp-includes/class-wp-hook.php(308): storefront_page_content('')
#13 /var/www/wordpress/wp-includes/class-wp-hook.php(332): WP_Hook->apply_filters(NULL, Array)
#14 /var/www/wordpress/wp-includes/plugin.php(517): WP_Hook->do_action(Array)
#15 /var/www/wordpress/wp-content/themes/storefront/content-page.php(18): do_action('storefront_page')
#16 /var/www/wordpress/wp-includes/template.php(785): require('/var/www/wordpr...')
#17 /var/www/wordpress/wp-includes/template.php(718): load_template('/var/www/wordpr...', false, Array)
#18 /var/www/wordpress/wp-includes/general-template.php(204): locate_template(Array, true, false, Array)
#19 /var/www/wordpress/wp-content/themes/storefront/page.php(24): get_template_part('content', 'page')
#20 /var/www/wordpress/wp-includes/template-loader.php(106): include('/var/www/wordpr...')
#21 /var/www/wordpress/wp-blog-header.php(19): require_once('/var/www/wordpr...')
#22 /var/www/wordpress/index.php(17): require('/var/www/wordpr...')
#23 {main}
  thrown in /var/www/wordpress/wp-content/themes/storefront-child/woocommerce/checkout/form-checkout.php on line 88

2022-12-04T02:36:13+00:00 CRITICAL syntax error, unexpected token "->", expecting ")" in /var/www/wordpress/wp-content/themes/storefront-child/woocommerce/checkout/form-checkout.php on line 91

2022-12-04T02:45:59+00:00 CRITICAL Uncaught Error: Call to a member function set_session() on null in /var/www/wordpress/wp-content/themes/storefront-child/functions.php:96
Stack trace:
#0 /var/www/wordpress/wp-settings.php(585): include()
#1 /var/www/wordpress/wp-config.php(114): require_once('/var/www/wordpr...')
#2 /var/www/wordpress/wp-load.php(50): require_once('/var/www/wordpr...')
#3 /var/www/wordpress/wp-blog-header.php(13): require_once('/var/www/wordpr...')
#4 /var/www/wordpress/index.php(17): require('/var/www/wordpr...')
#5 {main}
  thrown in /var/www/wordpress/wp-content/themes/storefront-child/functions.php on line 96

2022-12-04T02:45:59+00:00 CRITICAL Uncaught Error: Call to a member function set_session() on null in /var/www/wordpress/wp-content/themes/storefront-child/functions.php:96
Stack trace:
#0 /var/www/wordpress/wp-settings.php(585): include()
#1 /var/www/wordpress/wp-config.php(114): require_once('/var/www/wordpr...')
#2 /var/www/wordpress/wp-load.php(50): require_once('/var/www/wordpr...')
#3 /var/www/wordpress/wp-blog-header.php(13): require_once('/var/www/wordpr...')
#4 /var/www/wordpress/index.php(17): require('/var/www/wordpr...')
#5 {main}
  thrown in /var/www/wordpress/wp-content/themes/storefront-child/functions.php on line 96

2022-12-04T04:22:16+00:00 CRITICAL Uncaught Error: Undefined constant "VALUE_QUANTITY_DEFAULT" in /var/www/wordpress/wp-content/themes/storefront-child/woocommerce/checkout/form-checkout.php:40
Stack trace:
#0 /var/www/wordpress/wp-content/plugins/woocommerce/includes/wc-core-functions.php(345): include()
#1 /var/www/wordpress/wp-content/plugins/woocommerce/includes/shortcodes/class-wc-shortcode-checkout.php(316): wc_get_template('checkout/form-c...', Array)
#2 /var/www/wordpress/wp-content/plugins/woocommerce/includes/shortcodes/class-wc-shortcode-checkout.php(67): WC_Shortcode_Checkout::checkout()
#3 /var/www/wordpress/wp-content/plugins/woocommerce/includes/class-wc-shortcodes.php(72): WC_Shortcode_Checkout::output('')
#4 /var/www/wordpress/wp-content/plugins/woocommerce/includes/class-wc-shortcodes.php(95): WC_Shortcodes::shortcode_wrapper(Array, '')
#5 /var/www/wordpress/wp-includes/shortcodes.php(355): WC_Shortcodes::checkout('', '', 'woocommerce_che...')
#6 [internal function]: do_shortcode_tag(Array)
#7 /var/www/wordpress/wp-includes/shortcodes.php(227): preg_replace_callback('/\\[(\\[?)(woocom...', 'do_shortcode_ta...', '[woocommerce_ch...')
#8 /var/www/wordpress/wp-includes/class-wp-hook.php(308): do_shortcode('[woocommerce_ch...')
#9 /var/www/wordpress/wp-includes/plugin.php(205): WP_Hook->apply_filters('[woocommerce_ch...', Array)
#10 /var/www/wordpress/wp-includes/post-template.php(255): apply_filters('the_content', '<!-- wp:shortco...')
#11 /var/www/wordpress/wp-content/themes/storefront/inc/storefront-template-functions.php(352): the_content()
#12 /var/www/wordpress/wp-includes/class-wp-hook.php(308): storefront_page_content('')
#13 /var/www/wordpress/wp-includes/class-wp-hook.php(332): WP_Hook->apply_filters(NULL, Array)
#14 /var/www/wordpress/wp-includes/plugin.php(517): WP_Hook->do_action(Array)
#15 /var/www/wordpress/wp-content/themes/storefront/content-page.php(18): do_action('storefront_page')
#16 /var/www/wordpress/wp-includes/template.php(785): require('/var/www/wordpr...')
#17 /var/www/wordpress/wp-includes/template.php(718): load_template('/var/www/wordpr...', false, Array)
#18 /var/www/wordpress/wp-includes/general-template.php(204): locate_template(Array, true, false, Array)
#19 /var/www/wordpress/wp-content/themes/storefront/page.php(24): get_template_part('content', 'page')
#20 /var/www/wordpress/wp-includes/template-loader.php(106): include('/var/www/wordpr...')
#21 /var/www/wordpress/wp-blog-header.php(19): require_once('/var/www/wordpr...')
#22 /var/www/wordpress/index.php(17): require('/var/www/wordpr...')
#23 {main}
  thrown in /var/www/wordpress/wp-content/themes/storefront-child/woocommerce/checkout/form-checkout.php on line 40

2022-12-04T04:25:14+00:00 CRITICAL Uncaught Error: Undefined constant "VALUE_QUANTITY_DEFAULT" in /var/www/wordpress/wp-content/themes/storefront-child/woocommerce/checkout/form-checkout.php:40
Stack trace:
#0 /var/www/wordpress/wp-content/plugins/woocommerce/includes/wc-core-functions.php(345): include()
#1 /var/www/wordpress/wp-content/plugins/woocommerce/includes/shortcodes/class-wc-shortcode-checkout.php(316): wc_get_template('checkout/form-c...', Array)
#2 /var/www/wordpress/wp-content/plugins/woocommerce/includes/shortcodes/class-wc-shortcode-checkout.php(67): WC_Shortcode_Checkout::checkout()
#3 /var/www/wordpress/wp-content/plugins/woocommerce/includes/class-wc-shortcodes.php(72): WC_Shortcode_Checkout::output('')
#4 /var/www/wordpress/wp-content/plugins/woocommerce/includes/class-wc-shortcodes.php(95): WC_Shortcodes::shortcode_wrapper(Array, '')
#5 /var/www/wordpress/wp-includes/shortcodes.php(355): WC_Shortcodes::checkout('', '', 'woocommerce_che...')
#6 [internal function]: do_shortcode_tag(Array)
#7 /var/www/wordpress/wp-includes/shortcodes.php(227): preg_replace_callback('/\\[(\\[?)(woocom...', 'do_shortcode_ta...', '[woocommerce_ch...')
#8 /var/www/wordpress/wp-includes/class-wp-hook.php(308): do_shortcode('[woocommerce_ch...')
#9 /var/www/wordpress/wp-includes/plugin.php(205): WP_Hook->apply_filters('[woocommerce_ch...', Array)
#10 /var/www/wordpress/wp-includes/post-template.php(255): apply_filters('the_content', '<!-- wp:shortco...')
#11 /var/www/wordpress/wp-content/themes/storefront/inc/storefront-template-functions.php(352): the_content()
#12 /var/www/wordpress/wp-includes/class-wp-hook.php(308): storefront_page_content('')
#13 /var/www/wordpress/wp-includes/class-wp-hook.php(332): WP_Hook->apply_filters(NULL, Array)
#14 /var/www/wordpress/wp-includes/plugin.php(517): WP_Hook->do_action(Array)
#15 /var/www/wordpress/wp-content/themes/storefront/content-page.php(18): do_action('storefront_page')
#16 /var/www/wordpress/wp-includes/template.php(785): require('/var/www/wordpr...')
#17 /var/www/wordpress/wp-includes/template.php(718): load_template('/var/www/wordpr...', false, Array)
#18 /var/www/wordpress/wp-includes/general-template.php(204): locate_template(Array, true, false, Array)
#19 /var/www/wordpress/wp-content/themes/storefront/page.php(24): get_template_part('content', 'page')
#20 /var/www/wordpress/wp-includes/template-loader.php(106): include('/var/www/wordpr...')
#21 /var/www/wordpress/wp-blog-header.php(19): require_once('/var/www/wordpr...')
#22 /var/www/wordpress/index.php(17): require('/var/www/wordpr...')
#23 {main}
  thrown in /var/www/wordpress/wp-content/themes/storefront-child/woocommerce/checkout/form-checkout.php on line 40

2022-12-04T04:25:15+00:00 CRITICAL Uncaught Error: Undefined constant "VALUE_QUANTITY_DEFAULT" in /var/www/wordpress/wp-content/themes/storefront-child/woocommerce/checkout/form-checkout.php:40
Stack trace:
#0 /var/www/wordpress/wp-content/plugins/woocommerce/includes/wc-core-functions.php(345): include()
#1 /var/www/wordpress/wp-content/plugins/woocommerce/includes/shortcodes/class-wc-shortcode-checkout.php(316): wc_get_template('checkout/form-c...', Array)
#2 /var/www/wordpress/wp-content/plugins/woocommerce/includes/shortcodes/class-wc-shortcode-checkout.php(67): WC_Shortcode_Checkout::checkout()
#3 /var/www/wordpress/wp-content/plugins/woocommerce/includes/class-wc-shortcodes.php(72): WC_Shortcode_Checkout::output('')
#4 /var/www/wordpress/wp-content/plugins/woocommerce/includes/class-wc-shortcodes.php(95): WC_Shortcodes::shortcode_wrapper(Array, '')
#5 /var/www/wordpress/wp-includes/shortcodes.php(355): WC_Shortcodes::checkout('', '', 'woocommerce_che...')
#6 [internal function]: do_shortcode_tag(Array)
#7 /var/www/wordpress/wp-includes/shortcodes.php(227): preg_replace_callback('/\\[(\\[?)(woocom...', 'do_shortcode_ta...', '[woocommerce_ch...')
#8 /var/www/wordpress/wp-includes/class-wp-hook.php(308): do_shortcode('[woocommerce_ch...')
#9 /var/www/wordpress/wp-includes/plugin.php(205): WP_Hook->apply_filters('[woocommerce_ch...', Array)
#10 /var/www/wordpress/wp-includes/post-template.php(255): apply_filters('the_content', '<!-- wp:shortco...')
#11 /var/www/wordpress/wp-content/themes/storefront/inc/storefront-template-functions.php(352): the_content()
#12 /var/www/wordpress/wp-includes/class-wp-hook.php(308): storefront_page_content('')
#13 /var/www/wordpress/wp-includes/class-wp-hook.php(332): WP_Hook->apply_filters(NULL, Array)
#14 /var/www/wordpress/wp-includes/plugin.php(517): WP_Hook->do_action(Array)
#15 /var/www/wordpress/wp-content/themes/storefront/content-page.php(18): do_action('storefront_page')
#16 /var/www/wordpress/wp-includes/template.php(785): require('/var/www/wordpr...')
#17 /var/www/wordpress/wp-includes/template.php(718): load_template('/var/www/wordpr...', false, Array)
#18 /var/www/wordpress/wp-includes/general-template.php(204): locate_template(Array, true, false, Array)
#19 /var/www/wordpress/wp-content/themes/storefront/page.php(24): get_template_part('content', 'page')
#20 /var/www/wordpress/wp-includes/template-loader.php(106): include('/var/www/wordpr...')
#21 /var/www/wordpress/wp-blog-header.php(19): require_once('/var/www/wordpr...')
#22 /var/www/wordpress/index.php(17): require('/var/www/wordpr...')
#23 {main}
  thrown in /var/www/wordpress/wp-content/themes/storefront-child/woocommerce/checkout/form-checkout.php on line 40

2022-12-04T04:25:19+00:00 CRITICAL Uncaught Error: Undefined constant "VALUE_QUANTITY_DEFAULT" in /var/www/wordpress/wp-content/themes/storefront-child/woocommerce/checkout/form-checkout.php:40
Stack trace:
#0 /var/www/wordpress/wp-content/plugins/woocommerce/includes/wc-core-functions.php(345): include()
#1 /var/www/wordpress/wp-content/plugins/woocommerce/includes/shortcodes/class-wc-shortcode-checkout.php(316): wc_get_template('checkout/form-c...', Array)
#2 /var/www/wordpress/wp-content/plugins/woocommerce/includes/shortcodes/class-wc-shortcode-checkout.php(67): WC_Shortcode_Checkout::checkout()
#3 /var/www/wordpress/wp-content/plugins/woocommerce/includes/class-wc-shortcodes.php(72): WC_Shortcode_Checkout::output('')
#4 /var/www/wordpress/wp-content/plugins/woocommerce/includes/class-wc-shortcodes.php(95): WC_Shortcodes::shortcode_wrapper(Array, '')
#5 /var/www/wordpress/wp-includes/shortcodes.php(355): WC_Shortcodes::checkout('', '', 'woocommerce_che...')
#6 [internal function]: do_shortcode_tag(Array)
#7 /var/www/wordpress/wp-includes/shortcodes.php(227): preg_replace_callback('/\\[(\\[?)(woocom...', 'do_shortcode_ta...', '[woocommerce_ch...')
#8 /var/www/wordpress/wp-includes/class-wp-hook.php(308): do_shortcode('[woocommerce_ch...')
#9 /var/www/wordpress/wp-includes/plugin.php(205): WP_Hook->apply_filters('[woocommerce_ch...', Array)
#10 /var/www/wordpress/wp-includes/post-template.php(255): apply_filters('the_content', '<!-- wp:shortco...')
#11 /var/www/wordpress/wp-content/themes/storefront/inc/storefront-template-functions.php(352): the_content()
#12 /var/www/wordpress/wp-includes/class-wp-hook.php(308): storefront_page_content('')
#13 /var/www/wordpress/wp-includes/class-wp-hook.php(332): WP_Hook->apply_filters(NULL, Array)
#14 /var/www/wordpress/wp-includes/plugin.php(517): WP_Hook->do_action(Array)
#15 /var/www/wordpress/wp-content/themes/storefront/content-page.php(18): do_action('storefront_page')
#16 /var/www/wordpress/wp-includes/template.php(785): require('/var/www/wordpr...')
#17 /var/www/wordpress/wp-includes/template.php(718): load_template('/var/www/wordpr...', false, Array)
#18 /var/www/wordpress/wp-includes/general-template.php(204): locate_template(Array, true, false, Array)
#19 /var/www/wordpress/wp-content/themes/storefront/page.php(24): get_template_part('content', 'page')
#20 /var/www/wordpress/wp-includes/template-loader.php(106): include('/var/www/wordpr...')
#21 /var/www/wordpress/wp-blog-header.php(19): require_once('/var/www/wordpr...')
#22 /var/www/wordpress/index.php(17): require('/var/www/wordpr...')
#23 {main}
  thrown in /var/www/wordpress/wp-content/themes/storefront-child/woocommerce/checkout/form-checkout.php on line 40

2022-12-04T04:26:11+00:00 CRITICAL Uncaught Error: Undefined constant "VALUE_QUANTITY_DEFAULT" in /var/www/wordpress/wp-content/themes/storefront-child/woocommerce/checkout/form-checkout.php:40
Stack trace:
#0 /var/www/wordpress/wp-content/plugins/woocommerce/includes/wc-core-functions.php(345): include()
#1 /var/www/wordpress/wp-content/plugins/woocommerce/includes/shortcodes/class-wc-shortcode-checkout.php(316): wc_get_template('checkout/form-c...', Array)
#2 /var/www/wordpress/wp-content/plugins/woocommerce/includes/shortcodes/class-wc-shortcode-checkout.php(67): WC_Shortcode_Checkout::checkout()
#3 /var/www/wordpress/wp-content/plugins/woocommerce/includes/class-wc-shortcodes.php(72): WC_Shortcode_Checkout::output('')
#4 /var/www/wordpress/wp-content/plugins/woocommerce/includes/class-wc-shortcodes.php(95): WC_Shortcodes::shortcode_wrapper(Array, '')
#5 /var/www/wordpress/wp-includes/shortcodes.php(355): WC_Shortcodes::checkout('', '', 'woocommerce_che...')
#6 [internal function]: do_shortcode_tag(Array)
#7 /var/www/wordpress/wp-includes/shortcodes.php(227): preg_replace_callback('/\\[(\\[?)(woocom...', 'do_shortcode_ta...', '[woocommerce_ch...')
#8 /var/www/wordpress/wp-includes/class-wp-hook.php(308): do_shortcode('[woocommerce_ch...')
#9 /var/www/wordpress/wp-includes/plugin.php(205): WP_Hook->apply_filters('[woocommerce_ch...', Array)
#10 /var/www/wordpress/wp-includes/post-template.php(255): apply_filters('the_content', '<!-- wp:shortco...')
#11 /var/www/wordpress/wp-content/themes/storefront/inc/storefront-template-functions.php(352): the_content()
#12 /var/www/wordpress/wp-includes/class-wp-hook.php(308): storefront_page_content('')
#13 /var/www/wordpress/wp-includes/class-wp-hook.php(332): WP_Hook->apply_filters(NULL, Array)
#14 /var/www/wordpress/wp-includes/plugin.php(517): WP_Hook->do_action(Array)
#15 /var/www/wordpress/wp-content/themes/storefront/content-page.php(18): do_action('storefront_page')
#16 /var/www/wordpress/wp-includes/template.php(785): require('/var/www/wordpr...')
#17 /var/www/wordpress/wp-includes/template.php(718): load_template('/var/www/wordpr...', false, Array)
#18 /var/www/wordpress/wp-includes/general-template.php(204): locate_template(Array, true, false, Array)
#19 /var/www/wordpress/wp-content/themes/storefront/page.php(24): get_template_part('content', 'page')
#20 /var/www/wordpress/wp-includes/template-loader.php(106): include('/var/www/wordpr...')
#21 /var/www/wordpress/wp-blog-header.php(19): require_once('/var/www/wordpr...')
#22 /var/www/wordpress/index.php(17): require('/var/www/wordpr...')
#23 {main}
  thrown in /var/www/wordpress/wp-content/themes/storefront-child/woocommerce/checkout/form-checkout.php on line 40

2022-12-04T04:27:54+00:00 CRITICAL Uncaught ArgumentCountError: Too few arguments to function set_price_in_cart(), 1 passed in /var/www/wordpress/wp-includes/class-wp-hook.php on line 310 and exactly 2 expected in /var/www/wordpress/wp-content/themes/storefront-child/functions.php:72
Stack trace:
#0 /var/www/wordpress/wp-includes/class-wp-hook.php(310): set_price_in_cart(1)
#1 /var/www/wordpress/wp-includes/class-wp-hook.php(332): WP_Hook->apply_filters('', Array)
#2 /var/www/wordpress/wp-includes/plugin.php(517): WP_Hook->do_action(Array)
#3 /var/www/wordpress/wp-content/themes/storefront-child/woocommerce/checkout/form-checkout.php(70): do_action('customize_set_p...', 1, Array)
#4 /var/www/wordpress/wp-content/plugins/woocommerce/includes/wc-core-functions.php(345): include('/var/www/wordpr...')
#5 /var/www/wordpress/wp-content/plugins/woocommerce/includes/shortcodes/class-wc-shortcode-checkout.php(316): wc_get_template('checkout/form-c...', Array)
#6 /var/www/wordpress/wp-content/plugins/woocommerce/includes/shortcodes/class-wc-shortcode-checkout.php(67): WC_Shortcode_Checkout::checkout()
#7 /var/www/wordpress/wp-content/plugins/woocommerce/includes/class-wc-shortcodes.php(72): WC_Shortcode_Checkout::output('')
#8 /var/www/wordpress/wp-content/plugins/woocommerce/includes/class-wc-shortcodes.php(95): WC_Shortcodes::shortcode_wrapper(Array, '')
#9 /var/www/wordpress/wp-includes/shortcodes.php(355): WC_Shortcodes::checkout('', '', 'woocommerce_che...')
#10 [internal function]: do_shortcode_tag(Array)
#11 /var/www/wordpress/wp-includes/shortcodes.php(227): preg_replace_callback('/\\[(\\[?)(woocom...', 'do_shortcode_ta...', '[woocommerce_ch...')
#12 /var/www/wordpress/wp-includes/class-wp-hook.php(308): do_shortcode('[woocommerce_ch...')
#13 /var/www/wordpress/wp-includes/plugin.php(205): WP_Hook->apply_filters('[woocommerce_ch...', Array)
#14 /var/www/wordpress/wp-includes/post-template.php(255): apply_filters('the_content', '<!-- wp:shortco...')
#15 /var/www/wordpress/wp-content/themes/storefront/inc/storefront-template-functions.php(352): the_content()
#16 /var/www/wordpress/wp-includes/class-wp-hook.php(308): storefront_page_content('')
#17 /var/www/wordpress/wp-includes/class-wp-hook.php(332): WP_Hook->apply_filters(NULL, Array)
#18 /var/www/wordpress/wp-includes/plugin.php(517): WP_Hook->do_action(Array)
#19 /var/www/wordpress/wp-content/themes/storefront/content-page.php(18): do_action('storefront_page')
#20 /var/www/wordpress/wp-includes/template.php(785): require('/var/www/wordpr...')
#21 /var/www/wordpress/wp-includes/template.php(718): load_template('/var/www/wordpr...', false, Array)
#22 /var/www/wordpress/wp-includes/general-template.php(204): locate_template(Array, true, false, Array)
#23 /var/www/wordpress/wp-content/themes/storefront/page.php(24): get_template_part('content', 'page')
#24 /var/www/wordpress/wp-includes/template-loader.php(106): include('/var/www/wordpr...')
#25 /var/www/wordpress/wp-blog-header.php(19): require_once('/var/www/wordpr...')
#26 /var/www/wordpress/index.php(17): require('/var/www/wordpr...')
#27 {main}
  thrown in /var/www/wordpress/wp-content/themes/storefront-child/functions.php on line 72

2022-12-04T04:42:22+00:00 CRITICAL Uncaught TypeError: Unsupported operand types: string * string in /var/www/wordpress/wp-content/plugins/woocommerce/includes/class-wc-cart.php:2035
Stack trace:
#0 /var/www/wordpress/wp-content/plugins/woocommerce/templates/checkout/review-order.php(43): WC_Cart->get_product_subtotal(Object(WC_Product_Simple), 'VE')
#1 /var/www/wordpress/wp-content/plugins/woocommerce/includes/wc-core-functions.php(345): include('/var/www/wordpr...')
#2 /var/www/wordpress/wp-content/plugins/woocommerce/includes/wc-template-functions.php(2336): wc_get_template('checkout/review...', Array)
#3 /var/www/wordpress/wp-content/plugins/woocommerce/includes/class-wc-ajax.php(378): woocommerce_order_review()
#4 /var/www/wordpress/wp-includes/class-wp-hook.php(308): WC_AJAX::update_order_review('')
#5 /var/www/wordpress/wp-includes/class-wp-hook.php(332): WP_Hook->apply_filters(NULL, Array)
#6 /var/www/wordpress/wp-includes/plugin.php(517): WP_Hook->do_action(Array)
#7 /var/www/wordpress/wp-content/plugins/woocommerce/includes/class-wc-ajax.php(94): do_action('wc_ajax_update_...')
#8 /var/www/wordpress/wp-includes/class-wp-hook.php(308): WC_AJAX::do_wc_ajax('')
#9 /var/www/wordpress/wp-includes/class-wp-hook.php(332): WP_Hook->apply_filters(false, Array)
#10 /var/www/wordpress/wp-includes/plugin.php(517): WP_Hook->do_action(Array)
#11 /var/www/wordpress/wp-includes/template-loader.php(13): do_action('template_redire...')
#12 /var/www/wordpress/wp-blog-header.php(19): require_once('/var/www/wordpr...')
#13 /var/www/wordpress/index.php(17): require('/var/www/wordpr...')
#14 {main}
  thrown in /var/www/wordpress/wp-content/plugins/woocommerce/includes/class-wc-cart.php on line 2035

2022-12-04T04:42:22+00:00 CRITICAL Uncaught TypeError: Unsupported operand types: string * string in /var/www/wordpress/wp-content/plugins/woocommerce/includes/class-wc-cart.php:2035
Stack trace:
#0 /var/www/wordpress/wp-content/plugins/woocommerce/templates/checkout/review-order.php(43): WC_Cart->get_product_subtotal(Object(WC_Product_Simple), 'VE')
#1 /var/www/wordpress/wp-content/plugins/woocommerce/includes/wc-core-functions.php(345): include('/var/www/wordpr...')
#2 /var/www/wordpress/wp-content/plugins/woocommerce/includes/wc-template-functions.php(2336): wc_get_template('checkout/review...', Array)
#3 /var/www/wordpress/wp-includes/class-wp-hook.php(308): woocommerce_order_review('')
#4 /var/www/wordpress/wp-includes/class-wp-hook.php(332): WP_Hook->apply_filters('', Array)
#5 /var/www/wordpress/wp-includes/plugin.php(517): WP_Hook->do_action(Array)
#6 /var/www/wordpress/wp-content/themes/storefront-child/woocommerce/checkout/form-checkout.php(95): do_action('woocommerce_che...')
#7 /var/www/wordpress/wp-content/plugins/woocommerce/includes/wc-core-functions.php(345): include('/var/www/wordpr...')
#8 /var/www/wordpress/wp-content/plugins/woocommerce/includes/shortcodes/class-wc-shortcode-checkout.php(316): wc_get_template('checkout/form-c...', Array)
#9 /var/www/wordpress/wp-content/plugins/woocommerce/includes/shortcodes/class-wc-shortcode-checkout.php(67): WC_Shortcode_Checkout::checkout()
#10 /var/www/wordpress/wp-content/plugins/woocommerce/includes/class-wc-shortcodes.php(72): WC_Shortcode_Checkout::output('')
#11 /var/www/wordpress/wp-content/plugins/woocommerce/includes/class-wc-shortcodes.php(95): WC_Shortcodes::shortcode_wrapper(Array, '')
#12 /var/www/wordpress/wp-includes/shortcodes.php(355): WC_Shortcodes::checkout('', '', 'woocommerce_che...')
#13 [internal function]: do_shortcode_tag(Array)
#14 /var/www/wordpress/wp-includes/shortcodes.php(227): preg_replace_callback('/\\[(\\[?)(woocom...', 'do_shortcode_ta...', '[woocommerce_ch...')
#15 /var/www/wordpress/wp-includes/class-wp-hook.php(308): do_shortcode('[woocommerce_ch...')
#16 /var/www/wordpress/wp-includes/plugin.php(205): WP_Hook->apply_filters('[woocommerce_ch...', Array)
#17 /var/www/wordpress/wp-includes/post-template.php(255): apply_filters('the_content', '<!-- wp:shortco...')
#18 /var/www/wordpress/wp-content/themes/storefront/inc/storefront-template-functions.php(352): the_content()
#19 /var/www/wordpress/wp-includes/class-wp-hook.php(308): storefront_page_content('')
#20 /var/www/wordpress/wp-includes/class-wp-hook.php(332): WP_Hook->apply_filters(NULL, Array)
#21 /var/www/wordpress/wp-includes/plugin.php(517): WP_Hook->do_action(Array)
#22 /var/www/wordpress/wp-content/themes/storefront/content-page.php(18): do_action('storefront_page')
#23 /var/www/wordpress/wp-includes/template.php(785): require('/var/www/wordpr...')
#24 /var/www/wordpress/wp-includes/template.php(718): load_template('/var/www/wordpr...', false, Array)
#25 /var/www/wordpress/wp-includes/general-template.php(204): locate_template(Array, true, false, Array)
#26 /var/www/wordpress/wp-content/themes/storefront/page.php(24): get_template_part('content', 'page')
#27 /var/www/wordpress/wp-includes/template-loader.php(106): include('/var/www/wordpr...')
#28 /var/www/wordpress/wp-blog-header.php(19): require_once('/var/www/wordpr...')
#29 /var/www/wordpress/index.php(17): require('/var/www/wordpr...')
#30 {main}
  thrown in /var/www/wordpress/wp-content/plugins/woocommerce/includes/class-wc-cart.php on line 2035

2022-12-04T04:42:43+00:00 CRITICAL Uncaught TypeError: Unsupported operand types: string * string in /var/www/wordpress/wp-content/plugins/woocommerce/includes/class-wc-cart.php:2035
Stack trace:
#0 /var/www/wordpress/wp-content/plugins/woocommerce/templates/checkout/review-order.php(43): WC_Cart->get_product_subtotal(Object(WC_Product_Simple), 'VE')
#1 /var/www/wordpress/wp-content/plugins/woocommerce/includes/wc-core-functions.php(345): include('/var/www/wordpr...')
#2 /var/www/wordpress/wp-content/plugins/woocommerce/includes/wc-template-functions.php(2336): wc_get_template('checkout/review...', Array)
#3 /var/www/wordpress/wp-includes/class-wp-hook.php(308): woocommerce_order_review('')
#4 /var/www/wordpress/wp-includes/class-wp-hook.php(332): WP_Hook->apply_filters('', Array)
#5 /var/www/wordpress/wp-includes/plugin.php(517): WP_Hook->do_action(Array)
#6 /var/www/wordpress/wp-content/themes/storefront-child/woocommerce/checkout/form-checkout.php(95): do_action('woocommerce_che...')
#7 /var/www/wordpress/wp-content/plugins/woocommerce/includes/wc-core-functions.php(345): include('/var/www/wordpr...')
#8 /var/www/wordpress/wp-content/plugins/woocommerce/includes/shortcodes/class-wc-shortcode-checkout.php(316): wc_get_template('checkout/form-c...', Array)
#9 /var/www/wordpress/wp-content/plugins/woocommerce/includes/shortcodes/class-wc-shortcode-checkout.php(67): WC_Shortcode_Checkout::checkout()
#10 /var/www/wordpress/wp-content/plugins/woocommerce/includes/class-wc-shortcodes.php(72): WC_Shortcode_Checkout::output('')
#11 /var/www/wordpress/wp-content/plugins/woocommerce/includes/class-wc-shortcodes.php(95): WC_Shortcodes::shortcode_wrapper(Array, '')
#12 /var/www/wordpress/wp-includes/shortcodes.php(355): WC_Shortcodes::checkout('', '', 'woocommerce_che...')
#13 [internal function]: do_shortcode_tag(Array)
#14 /var/www/wordpress/wp-includes/shortcodes.php(227): preg_replace_callback('/\\[(\\[?)(woocom...', 'do_shortcode_ta...', '[woocommerce_ch...')
#15 /var/www/wordpress/wp-includes/class-wp-hook.php(308): do_shortcode('[woocommerce_ch...')
#16 /var/www/wordpress/wp-includes/plugin.php(205): WP_Hook->apply_filters('[woocommerce_ch...', Array)
#17 /var/www/wordpress/wp-includes/post-template.php(255): apply_filters('the_content', '<!-- wp:shortco...')
#18 /var/www/wordpress/wp-content/themes/storefront/inc/storefront-template-functions.php(352): the_content()
#19 /var/www/wordpress/wp-includes/class-wp-hook.php(308): storefront_page_content('')
#20 /var/www/wordpress/wp-includes/class-wp-hook.php(332): WP_Hook->apply_filters(NULL, Array)
#21 /var/www/wordpress/wp-includes/plugin.php(517): WP_Hook->do_action(Array)
#22 /var/www/wordpress/wp-content/themes/storefront/content-page.php(18): do_action('storefront_page')
#23 /var/www/wordpress/wp-includes/template.php(785): require('/var/www/wordpr...')
#24 /var/www/wordpress/wp-includes/template.php(718): load_template('/var/www/wordpr...', false, Array)
#25 /var/www/wordpress/wp-includes/general-template.php(204): locate_template(Array, true, false, Array)
#26 /var/www/wordpress/wp-content/themes/storefront/page.php(24): get_template_part('content', 'page')
#27 /var/www/wordpress/wp-includes/template-loader.php(106): include('/var/www/wordpr...')
#28 /var/www/wordpress/wp-blog-header.php(19): require_once('/var/www/wordpr...')
#29 /var/www/wordpress/index.php(17): require('/var/www/wordpr...')
#30 {main}
  thrown in /var/www/wordpress/wp-content/plugins/woocommerce/includes/class-wc-cart.php on line 2035

2022-12-04T04:43:08+00:00 CRITICAL Uncaught TypeError: Unsupported operand types: string * string in /var/www/wordpress/wp-content/plugins/woocommerce/includes/class-wc-cart.php:2035
Stack trace:
#0 /var/www/wordpress/wp-content/plugins/woocommerce/templates/cart/cart.php(127): WC_Cart->get_product_subtotal(Object(WC_Product_Simple), 'VE')
#1 /var/www/wordpress/wp-content/plugins/woocommerce/includes/wc-core-functions.php(345): include('/var/www/wordpr...')
#2 /var/www/wordpress/wp-content/plugins/woocommerce/includes/shortcodes/class-wc-shortcode-cart.php(99): wc_get_template('cart/cart.php')
#3 /var/www/wordpress/wp-content/plugins/woocommerce/includes/class-wc-shortcodes.php(72): WC_Shortcode_Cart::output(Array)
#4 /var/www/wordpress/wp-content/plugins/woocommerce/includes/class-wc-shortcodes.php(85): WC_Shortcodes::shortcode_wrapper(Array)
#5 /var/www/wordpress/wp-includes/shortcodes.php(355): WC_Shortcodes::cart('', '', 'woocommerce_car...')
#6 [internal function]: do_shortcode_tag(Array)
#7 /var/www/wordpress/wp-includes/shortcodes.php(227): preg_replace_callback('/\\[(\\[?)(woocom...', 'do_shortcode_ta...', '[woocommerce_ca...')
#8 /var/www/wordpress/wp-includes/class-wp-hook.php(308): do_shortcode('[woocommerce_ca...')
#9 /var/www/wordpress/wp-includes/plugin.php(205): WP_Hook->apply_filters('[woocommerce_ca...', Array)
#10 /var/www/wordpress/wp-includes/post-template.php(255): apply_filters('the_content', '<!-- wp:shortco...')
#11 /var/www/wordpress/wp-content/themes/storefront/inc/storefront-template-functions.php(352): the_content()
#12 /var/www/wordpress/wp-includes/class-wp-hook.php(308): storefront_page_content('')
#13 /var/www/wordpress/wp-includes/class-wp-hook.php(332): WP_Hook->apply_filters(NULL, Array)
#14 /var/www/wordpress/wp-includes/plugin.php(517): WP_Hook->do_action(Array)
#15 /var/www/wordpress/wp-content/themes/storefront/content-page.php(18): do_action('storefront_page')
#16 /var/www/wordpress/wp-includes/template.php(785): require('/var/www/wordpr...')
#17 /var/www/wordpress/wp-includes/template.php(718): load_template('/var/www/wordpr...', false, Array)
#18 /var/www/wordpress/wp-includes/general-template.php(204): locate_template(Array, true, false, Array)
#19 /var/www/wordpress/wp-content/themes/storefront/page.php(24): get_template_part('content', 'page')
#20 /var/www/wordpress/wp-includes/template-loader.php(106): include('/var/www/wordpr...')
#21 /var/www/wordpress/wp-blog-header.php(19): require_once('/var/www/wordpr...')
#22 /var/www/wordpress/index.php(17): require('/var/www/wordpr...')
#23 {main}
  thrown in /var/www/wordpress/wp-content/plugins/woocommerce/includes/class-wc-cart.php on line 2035

2022-12-04T05:00:35+00:00 CRITICAL Uncaught TypeError: get_list_price_non_subscription(): Argument #1 ($products) must be of type array, null given, called in /var/www/wordpress/wp-content/themes/storefront-child/woocommerce/checkout/form-checkout.php on line 54 and defined in /var/www/wordpress/wp-content/themes/storefront-child/functions.php:93
Stack trace:
#0 /var/www/wordpress/wp-content/themes/storefront-child/woocommerce/checkout/form-checkout.php(54): get_list_price_non_subscription(NULL)
#1 /var/www/wordpress/wp-content/plugins/woocommerce/includes/wc-core-functions.php(345): include('/var/www/wordpr...')
#2 /var/www/wordpress/wp-content/plugins/woocommerce/includes/shortcodes/class-wc-shortcode-checkout.php(316): wc_get_template('checkout/form-c...', Array)
#3 /var/www/wordpress/wp-content/plugins/woocommerce/includes/shortcodes/class-wc-shortcode-checkout.php(67): WC_Shortcode_Checkout::checkout()
#4 /var/www/wordpress/wp-content/plugins/woocommerce/includes/class-wc-shortcodes.php(72): WC_Shortcode_Checkout::output('')
#5 /var/www/wordpress/wp-content/plugins/woocommerce/includes/class-wc-shortcodes.php(95): WC_Shortcodes::shortcode_wrapper(Array, '')
#6 /var/www/wordpress/wp-includes/shortcodes.php(355): WC_Shortcodes::checkout('', '', 'woocommerce_che...')
#7 [internal function]: do_shortcode_tag(Array)
#8 /var/www/wordpress/wp-includes/shortcodes.php(227): preg_replace_callback('/\\[(\\[?)(woocom...', 'do_shortcode_ta...', '[woocommerce_ch...')
#9 /var/www/wordpress/wp-includes/class-wp-hook.php(308): do_shortcode('[woocommerce_ch...')
#10 /var/www/wordpress/wp-includes/plugin.php(205): WP_Hook->apply_filters('[woocommerce_ch...', Array)
#11 /var/www/wordpress/wp-includes/post-template.php(255): apply_filters('the_content', '<!-- wp:shortco...')
#12 /var/www/wordpress/wp-content/themes/storefront/inc/storefront-template-functions.php(352): the_content()
#13 /var/www/wordpress/wp-includes/class-wp-hook.php(308): storefront_page_content('')
#14 /var/www/wordpress/wp-includes/class-wp-hook.php(332): WP_Hook->apply_filters(NULL, Array)
#15 /var/www/wordpress/wp-includes/plugin.php(517): WP_Hook->do_action(Array)
#16 /var/www/wordpress/wp-content/themes/storefront/content-page.php(18): do_action('storefront_page')
#17 /var/www/wordpress/wp-includes/template.php(785): require('/var/www/wordpr...')
#18 /var/www/wordpress/wp-includes/template.php(718): load_template('/var/www/wordpr...', false, Array)
#19 /var/www/wordpress/wp-includes/general-template.php(204): locate_template(Array, true, false, Array)
#20 /var/www/wordpress/wp-content/themes/storefront/page.php(24): get_template_part('content', 'page')
#21 /var/www/wordpress/wp-includes/template-loader.php(106): include('/var/www/wordpr...')
#22 /var/www/wordpress/wp-blog-header.php(19): require_once('/var/www/wordpr...')
#23 /var/www/wordpress/index.php(17): require('/var/www/wordpr...')
#24 {main}
  thrown in /var/www/wordpress/wp-content/themes/storefront-child/functions.php on line 93

2022-12-04T05:01:10+00:00 CRITICAL Uncaught TypeError: get_list_price_non_subscription(): Argument #1 ($products) must be of type array, null given, called in /var/www/wordpress/wp-content/themes/storefront-child/woocommerce/checkout/form-checkout.php on line 54 and defined in /var/www/wordpress/wp-content/themes/storefront-child/functions.php:93
Stack trace:
#0 /var/www/wordpress/wp-content/themes/storefront-child/woocommerce/checkout/form-checkout.php(54): get_list_price_non_subscription(NULL)
#1 /var/www/wordpress/wp-content/plugins/woocommerce/includes/wc-core-functions.php(345): include('/var/www/wordpr...')
#2 /var/www/wordpress/wp-content/plugins/woocommerce/includes/shortcodes/class-wc-shortcode-checkout.php(316): wc_get_template('checkout/form-c...', Array)
#3 /var/www/wordpress/wp-content/plugins/woocommerce/includes/shortcodes/class-wc-shortcode-checkout.php(67): WC_Shortcode_Checkout::checkout()
#4 /var/www/wordpress/wp-content/plugins/woocommerce/includes/class-wc-shortcodes.php(72): WC_Shortcode_Checkout::output('')
#5 /var/www/wordpress/wp-content/plugins/woocommerce/includes/class-wc-shortcodes.php(95): WC_Shortcodes::shortcode_wrapper(Array, '')
#6 /var/www/wordpress/wp-includes/shortcodes.php(355): WC_Shortcodes::checkout('', '', 'woocommerce_che...')
#7 [internal function]: do_shortcode_tag(Array)
#8 /var/www/wordpress/wp-includes/shortcodes.php(227): preg_replace_callback('/\\[(\\[?)(woocom...', 'do_shortcode_ta...', '[woocommerce_ch...')
#9 /var/www/wordpress/wp-includes/class-wp-hook.php(308): do_shortcode('[woocommerce_ch...')
#10 /var/www/wordpress/wp-includes/plugin.php(205): WP_Hook->apply_filters('[woocommerce_ch...', Array)
#11 /var/www/wordpress/wp-includes/post-template.php(255): apply_filters('the_content', '<!-- wp:shortco...')
#12 /var/www/wordpress/wp-content/themes/storefront/inc/storefront-template-functions.php(352): the_content()
#13 /var/www/wordpress/wp-includes/class-wp-hook.php(308): storefront_page_content('')
#14 /var/www/wordpress/wp-includes/class-wp-hook.php(332): WP_Hook->apply_filters(NULL, Array)
#15 /var/www/wordpress/wp-includes/plugin.php(517): WP_Hook->do_action(Array)
#16 /var/www/wordpress/wp-content/themes/storefront/content-page.php(18): do_action('storefront_page')
#17 /var/www/wordpress/wp-includes/template.php(785): require('/var/www/wordpr...')
#18 /var/www/wordpress/wp-includes/template.php(718): load_template('/var/www/wordpr...', false, Array)
#19 /var/www/wordpress/wp-includes/general-template.php(204): locate_template(Array, true, false, Array)
#20 /var/www/wordpress/wp-content/themes/storefront/page.php(24): get_template_part('content', 'page')
#21 /var/www/wordpress/wp-includes/template-loader.php(106): include('/var/www/wordpr...')
#22 /var/www/wordpress/wp-blog-header.php(19): require_once('/var/www/wordpr...')
#23 /var/www/wordpress/index.php(17): require('/var/www/wordpr...')
#24 {main}
  thrown in /var/www/wordpress/wp-content/themes/storefront-child/functions.php on line 93

2022-12-04T06:24:46+00:00 CRITICAL Uncaught Error: Failed opening required '/var/www/wordpress//vendor/stripe-php/init.php' (include_path='.:/usr/local/lib/php') in /var/www/wordpress/wp-content/themes/storefront-child/functions.php:122
Stack trace:
#0 /var/www/wordpress/wp-settings.php(585): include()
#1 /var/www/wordpress/wp-config.php(117): require_once('/var/www/wordpr...')
#2 /var/www/wordpress/wp-load.php(50): require_once('/var/www/wordpr...')
#3 /var/www/wordpress/wp-blog-header.php(13): require_once('/var/www/wordpr...')
#4 /var/www/wordpress/index.php(17): require('/var/www/wordpr...')
#5 {main}
  thrown in /var/www/wordpress/wp-content/themes/storefront-child/functions.php on line 122

2022-12-04T06:24:46+00:00 CRITICAL Uncaught Error: Failed opening required '/var/www/wordpress//vendor/stripe-php/init.php' (include_path='.:/usr/local/lib/php') in /var/www/wordpress/wp-content/themes/storefront-child/functions.php:122
Stack trace:
#0 /var/www/wordpress/wp-settings.php(585): include()
#1 /var/www/wordpress/wp-config.php(117): require_once('/var/www/wordpr...')
#2 /var/www/wordpress/wp-load.php(50): require_once('/var/www/wordpr...')
#3 /var/www/wordpress/wp-blog-header.php(13): require_once('/var/www/wordpr...')
#4 /var/www/wordpress/index.php(17): require('/var/www/wordpr...')
#5 {main}
  thrown in /var/www/wordpress/wp-content/themes/storefront-child/functions.php on line 122

2022-12-04T06:24:53+00:00 CRITICAL Uncaught Error: Failed opening required '/var/www/wordpress//vendor/stripe-php/init.php' (include_path='.:/usr/local/lib/php') in /var/www/wordpress/wp-content/themes/storefront-child/functions.php:122
Stack trace:
#0 /var/www/wordpress/wp-settings.php(585): include()
#1 /var/www/wordpress/wp-config.php(117): require_once('/var/www/wordpr...')
#2 /var/www/wordpress/wp-load.php(50): require_once('/var/www/wordpr...')
#3 /var/www/wordpress/wp-blog-header.php(13): require_once('/var/www/wordpr...')
#4 /var/www/wordpress/index.php(17): require('/var/www/wordpr...')
#5 {main}
  thrown in /var/www/wordpress/wp-content/themes/storefront-child/functions.php on line 122

2022-12-04T06:24:53+00:00 CRITICAL Uncaught Error: Failed opening required '/var/www/wordpress//vendor/stripe-php/init.php' (include_path='.:/usr/local/lib/php') in /var/www/wordpress/wp-content/themes/storefront-child/functions.php:122
Stack trace:
#0 /var/www/wordpress/wp-settings.php(585): include()
#1 /var/www/wordpress/wp-config.php(117): require_once('/var/www/wordpr...')
#2 /var/www/wordpress/wp-load.php(50): require_once('/var/www/wordpr...')
#3 /var/www/wordpress/wp-blog-header.php(13): require_once('/var/www/wordpr...')
#4 /var/www/wordpress/index.php(17): require('/var/www/wordpr...')
#5 {main}
  thrown in /var/www/wordpress/wp-content/themes/storefront-child/functions.php on line 122

2022-12-04T06:25:16+00:00 CRITICAL Uncaught Error: Class "Stripe\StripeClient" not found in /var/www/wordpress/wp-content/themes/storefront-child/functions.php:127
Stack trace:
#0 /var/www/wordpress/wp-content/themes/storefront-child/woocommerce/checkout/form-checkout.php(66): a()
#1 /var/www/wordpress/wp-content/plugins/woocommerce/includes/wc-core-functions.php(345): include('/var/www/wordpr...')
#2 /var/www/wordpress/wp-content/plugins/woocommerce/includes/shortcodes/class-wc-shortcode-checkout.php(316): wc_get_template('checkout/form-c...', Array)
#3 /var/www/wordpress/wp-content/plugins/woocommerce/includes/shortcodes/class-wc-shortcode-checkout.php(67): WC_Shortcode_Checkout::checkout()
#4 /var/www/wordpress/wp-content/plugins/woocommerce/includes/class-wc-shortcodes.php(72): WC_Shortcode_Checkout::output('')
#5 /var/www/wordpress/wp-content/plugins/woocommerce/includes/class-wc-shortcodes.php(95): WC_Shortcodes::shortcode_wrapper(Array, '')
#6 /var/www/wordpress/wp-includes/shortcodes.php(355): WC_Shortcodes::checkout('', '', 'woocommerce_che...')
#7 [internal function]: do_shortcode_tag(Array)
#8 /var/www/wordpress/wp-includes/shortcodes.php(227): preg_replace_callback('/\\[(\\[?)(woocom...', 'do_shortcode_ta...', '[woocommerce_ch...')
#9 /var/www/wordpress/wp-includes/class-wp-hook.php(308): do_shortcode('[woocommerce_ch...')
#10 /var/www/wordpress/wp-includes/plugin.php(205): WP_Hook->apply_filters('[woocommerce_ch...', Array)
#11 /var/www/wordpress/wp-includes/post-template.php(255): apply_filters('the_content', '<!-- wp:shortco...')
#12 /var/www/wordpress/wp-content/themes/storefront/inc/storefront-template-functions.php(352): the_content()
#13 /var/www/wordpress/wp-includes/class-wp-hook.php(308): storefront_page_content('')
#14 /var/www/wordpress/wp-includes/class-wp-hook.php(332): WP_Hook->apply_filters(NULL, Array)
#15 /var/www/wordpress/wp-includes/plugin.php(517): WP_Hook->do_action(Array)
#16 /var/www/wordpress/wp-content/themes/storefront/content-page.php(18): do_action('storefront_page')
#17 /var/www/wordpress/wp-includes/template.php(785): require('/var/www/wordpr...')
#18 /var/www/wordpress/wp-includes/template.php(718): load_template('/var/www/wordpr...', false, Array)
#19 /var/www/wordpress/wp-includes/general-template.php(204): locate_template(Array, true, false, Array)
#20 /var/www/wordpress/wp-content/themes/storefront/page.php(24): get_template_part('content', 'page')
#21 /var/www/wordpress/wp-includes/template-loader.php(106): include('/var/www/wordpr...')
#22 /var/www/wordpress/wp-blog-header.php(19): require_once('/var/www/wordpr...')
#23 /var/www/wordpress/index.php(17): require('/var/www/wordpr...')
#24 {main}
  thrown in /var/www/wordpress/wp-content/themes/storefront-child/functions.php on line 127

2022-12-04T06:25:21+00:00 CRITICAL Uncaught Error: Class "Stripe\StripeClient" not found in /var/www/wordpress/wp-content/themes/storefront-child/functions.php:127
Stack trace:
#0 /var/www/wordpress/wp-content/themes/storefront-child/woocommerce/checkout/form-checkout.php(66): a()
#1 /var/www/wordpress/wp-content/plugins/woocommerce/includes/wc-core-functions.php(345): include('/var/www/wordpr...')
#2 /var/www/wordpress/wp-content/plugins/woocommerce/includes/shortcodes/class-wc-shortcode-checkout.php(316): wc_get_template('checkout/form-c...', Array)
#3 /var/www/wordpress/wp-content/plugins/woocommerce/includes/shortcodes/class-wc-shortcode-checkout.php(67): WC_Shortcode_Checkout::checkout()
#4 /var/www/wordpress/wp-content/plugins/woocommerce/includes/class-wc-shortcodes.php(72): WC_Shortcode_Checkout::output('')
#5 /var/www/wordpress/wp-content/plugins/woocommerce/includes/class-wc-shortcodes.php(95): WC_Shortcodes::shortcode_wrapper(Array, '')
#6 /var/www/wordpress/wp-includes/shortcodes.php(355): WC_Shortcodes::checkout('', '', 'woocommerce_che...')
#7 [internal function]: do_shortcode_tag(Array)
#8 /var/www/wordpress/wp-includes/shortcodes.php(227): preg_replace_callback('/\\[(\\[?)(woocom...', 'do_shortcode_ta...', '[woocommerce_ch...')
#9 /var/www/wordpress/wp-includes/class-wp-hook.php(308): do_shortcode('[woocommerce_ch...')
#10 /var/www/wordpress/wp-includes/plugin.php(205): WP_Hook->apply_filters('[woocommerce_ch...', Array)
#11 /var/www/wordpress/wp-includes/post-template.php(255): apply_filters('the_content', '<!-- wp:shortco...')
#12 /var/www/wordpress/wp-content/themes/storefront/inc/storefront-template-functions.php(352): the_content()
#13 /var/www/wordpress/wp-includes/class-wp-hook.php(308): storefront_page_content('')
#14 /var/www/wordpress/wp-includes/class-wp-hook.php(332): WP_Hook->apply_filters(NULL, Array)
#15 /var/www/wordpress/wp-includes/plugin.php(517): WP_Hook->do_action(Array)
#16 /var/www/wordpress/wp-content/themes/storefront/content-page.php(18): do_action('storefront_page')
#17 /var/www/wordpress/wp-includes/template.php(785): require('/var/www/wordpr...')
#18 /var/www/wordpress/wp-includes/template.php(718): load_template('/var/www/wordpr...', false, Array)
#19 /var/www/wordpress/wp-includes/general-template.php(204): locate_template(Array, true, false, Array)
#20 /var/www/wordpress/wp-content/themes/storefront/page.php(24): get_template_part('content', 'page')
#21 /var/www/wordpress/wp-includes/template-loader.php(106): include('/var/www/wordpr...')
#22 /var/www/wordpress/wp-blog-header.php(19): require_once('/var/www/wordpr...')
#23 /var/www/wordpress/index.php(17): require('/var/www/wordpr...')
#24 {main}
  thrown in /var/www/wordpress/wp-content/themes/storefront-child/functions.php on line 127

2022-12-04T06:25:43+00:00 CRITICAL Uncaught Error: Class "Stripe\StripeClient" not found in /var/www/wordpress/wp-content/themes/storefront-child/functions.php:127
Stack trace:
#0 /var/www/wordpress/wp-content/themes/storefront-child/woocommerce/checkout/form-checkout.php(66): a()
#1 /var/www/wordpress/wp-content/plugins/woocommerce/includes/wc-core-functions.php(345): include('/var/www/wordpr...')
#2 /var/www/wordpress/wp-content/plugins/woocommerce/includes/shortcodes/class-wc-shortcode-checkout.php(316): wc_get_template('checkout/form-c...', Array)
#3 /var/www/wordpress/wp-content/plugins/woocommerce/includes/shortcodes/class-wc-shortcode-checkout.php(67): WC_Shortcode_Checkout::checkout()
#4 /var/www/wordpress/wp-content/plugins/woocommerce/includes/class-wc-shortcodes.php(72): WC_Shortcode_Checkout::output('')
#5 /var/www/wordpress/wp-content/plugins/woocommerce/includes/class-wc-shortcodes.php(95): WC_Shortcodes::shortcode_wrapper(Array, '')
#6 /var/www/wordpress/wp-includes/shortcodes.php(355): WC_Shortcodes::checkout('', '', 'woocommerce_che...')
#7 [internal function]: do_shortcode_tag(Array)
#8 /var/www/wordpress/wp-includes/shortcodes.php(227): preg_replace_callback('/\\[(\\[?)(woocom...', 'do_shortcode_ta...', '[woocommerce_ch...')
#9 /var/www/wordpress/wp-includes/class-wp-hook.php(308): do_shortcode('[woocommerce_ch...')
#10 /var/www/wordpress/wp-includes/plugin.php(205): WP_Hook->apply_filters('[woocommerce_ch...', Array)
#11 /var/www/wordpress/wp-includes/post-template.php(255): apply_filters('the_content', '<!-- wp:shortco...')
#12 /var/www/wordpress/wp-content/themes/storefront/inc/storefront-template-functions.php(352): the_content()
#13 /var/www/wordpress/wp-includes/class-wp-hook.php(308): storefront_page_content('')
#14 /var/www/wordpress/wp-includes/class-wp-hook.php(332): WP_Hook->apply_filters(NULL, Array)
#15 /var/www/wordpress/wp-includes/plugin.php(517): WP_Hook->do_action(Array)
#16 /var/www/wordpress/wp-content/themes/storefront/content-page.php(18): do_action('storefront_page')
#17 /var/www/wordpress/wp-includes/template.php(785): require('/var/www/wordpr...')
#18 /var/www/wordpress/wp-includes/template.php(718): load_template('/var/www/wordpr...', false, Array)
#19 /var/www/wordpress/wp-includes/general-template.php(204): locate_template(Array, true, false, Array)
#20 /var/www/wordpress/wp-content/themes/storefront/page.php(24): get_template_part('content', 'page')
#21 /var/www/wordpress/wp-includes/template-loader.php(106): include('/var/www/wordpr...')
#22 /var/www/wordpress/wp-blog-header.php(19): require_once('/var/www/wordpr...')
#23 /var/www/wordpress/index.php(17): require('/var/www/wordpr...')
#24 {main}
  thrown in /var/www/wordpress/wp-content/themes/storefront-child/functions.php on line 127

2022-12-04T06:25:55+00:00 CRITICAL Uncaught Error: Failed opening required '/var/www/wordpress/vendor/stripe-php/init.php' (include_path='.:/usr/local/lib/php') in /var/www/wordpress/wp-content/themes/storefront-child/functions.php:122
Stack trace:
#0 /var/www/wordpress/wp-settings.php(585): include()
#1 /var/www/wordpress/wp-config.php(117): require_once('/var/www/wordpr...')
#2 /var/www/wordpress/wp-load.php(50): require_once('/var/www/wordpr...')
#3 /var/www/wordpress/wp-blog-header.php(13): require_once('/var/www/wordpr...')
#4 /var/www/wordpress/index.php(17): require('/var/www/wordpr...')
#5 {main}
  thrown in /var/www/wordpress/wp-content/themes/storefront-child/functions.php on line 122

2022-12-04T06:25:55+00:00 CRITICAL Uncaught Error: Failed opening required '/var/www/wordpress/vendor/stripe-php/init.php' (include_path='.:/usr/local/lib/php') in /var/www/wordpress/wp-content/themes/storefront-child/functions.php:122
Stack trace:
#0 /var/www/wordpress/wp-settings.php(585): include()
#1 /var/www/wordpress/wp-config.php(117): require_once('/var/www/wordpr...')
#2 /var/www/wordpress/wp-load.php(50): require_once('/var/www/wordpr...')
#3 /var/www/wordpress/wp-blog-header.php(13): require_once('/var/www/wordpr...')
#4 /var/www/wordpress/index.php(17): require('/var/www/wordpr...')
#5 {main}
  thrown in /var/www/wordpress/wp-content/themes/storefront-child/functions.php on line 122

2022-12-04T06:26:00+00:00 CRITICAL Uncaught Error: Failed opening required '/var/www/wordpress/vendor/stripe-php/init.php' (include_path='.:/usr/local/lib/php') in /var/www/wordpress/wp-content/themes/storefront-child/functions.php:122
Stack trace:
#0 /var/www/wordpress/wp-settings.php(585): include()
#1 /var/www/wordpress/wp-config.php(117): require_once('/var/www/wordpr...')
#2 /var/www/wordpress/wp-load.php(50): require_once('/var/www/wordpr...')
#3 /var/www/wordpress/wp-blog-header.php(13): require_once('/var/www/wordpr...')
#4 /var/www/wordpress/index.php(17): require('/var/www/wordpr...')
#5 {main}
  thrown in /var/www/wordpress/wp-content/themes/storefront-child/functions.php on line 122

2022-12-04T06:26:00+00:00 CRITICAL Uncaught Error: Failed opening required '/var/www/wordpress/vendor/stripe-php/init.php' (include_path='.:/usr/local/lib/php') in /var/www/wordpress/wp-content/themes/storefront-child/functions.php:122
Stack trace:
#0 /var/www/wordpress/wp-settings.php(585): include()
#1 /var/www/wordpress/wp-config.php(117): require_once('/var/www/wordpr...')
#2 /var/www/wordpress/wp-load.php(50): require_once('/var/www/wordpr...')
#3 /var/www/wordpress/wp-blog-header.php(13): require_once('/var/www/wordpr...')
#4 /var/www/wordpress/index.php(17): require('/var/www/wordpr...')
#5 {main}
  thrown in /var/www/wordpress/wp-content/themes/storefront-child/functions.php on line 122

2022-12-04T07:28:52+00:00 CRITICAL Uncaught Error: Failed opening required '/var/www/wordpress/vendor/stripe-php/init.php' (include_path='.:/usr/local/lib/php') in /var/www/wordpress/wp-content/themes/storefront-child/functions.php:122
Stack trace:
#0 /var/www/wordpress/wp-settings.php(585): include()
#1 /var/www/wordpress/wp-config.php(117): require_once('/var/www/wordpr...')
#2 /var/www/wordpress/wp-load.php(50): require_once('/var/www/wordpr...')
#3 /var/www/wordpress/wp-blog-header.php(13): require_once('/var/www/wordpr...')
#4 /var/www/wordpress/index.php(17): require('/var/www/wordpr...')
#5 {main}
  thrown in /var/www/wordpress/wp-content/themes/storefront-child/functions.php on line 122

2022-12-04T07:28:52+00:00 CRITICAL Uncaught Error: Failed opening required '/var/www/wordpress/vendor/stripe-php/init.php' (include_path='.:/usr/local/lib/php') in /var/www/wordpress/wp-content/themes/storefront-child/functions.php:122
Stack trace:
#0 /var/www/wordpress/wp-settings.php(585): include()
#1 /var/www/wordpress/wp-config.php(117): require_once('/var/www/wordpr...')
#2 /var/www/wordpress/wp-load.php(50): require_once('/var/www/wordpr...')
#3 /var/www/wordpress/wp-blog-header.php(13): require_once('/var/www/wordpr...')
#4 /var/www/wordpress/index.php(17): require('/var/www/wordpr...')
#5 {main}
  thrown in /var/www/wordpress/wp-content/themes/storefront-child/functions.php on line 122

2022-12-04T07:29:27+00:00 CRITICAL Uncaught Error: Failed opening required '/var/www/wordpress/vendor/stripe/stripe-php/init.php' (include_path='.:/usr/local/lib/php') in /var/www/wordpress/wp-content/themes/storefront-child/functions.php:122
Stack trace:
#0 /var/www/wordpress/wp-settings.php(585): include()
#1 /var/www/wordpress/wp-config.php(117): require_once('/var/www/wordpr...')
#2 /var/www/wordpress/wp-load.php(50): require_once('/var/www/wordpr...')
#3 /var/www/wordpress/wp-blog-header.php(13): require_once('/var/www/wordpr...')
#4 /var/www/wordpress/index.php(17): require('/var/www/wordpr...')
#5 {main}
  thrown in /var/www/wordpress/wp-content/themes/storefront-child/functions.php on line 122

2022-12-04T07:29:27+00:00 CRITICAL Uncaught Error: Failed opening required '/var/www/wordpress/vendor/stripe/stripe-php/init.php' (include_path='.:/usr/local/lib/php') in /var/www/wordpress/wp-content/themes/storefront-child/functions.php:122
Stack trace:
#0 /var/www/wordpress/wp-settings.php(585): include()
#1 /var/www/wordpress/wp-config.php(117): require_once('/var/www/wordpr...')
#2 /var/www/wordpress/wp-load.php(50): require_once('/var/www/wordpr...')
#3 /var/www/wordpress/wp-blog-header.php(13): require_once('/var/www/wordpr...')
#4 /var/www/wordpress/index.php(17): require('/var/www/wordpr...')
#5 {main}
  thrown in /var/www/wordpress/wp-content/themes/storefront-child/functions.php on line 122

2022-12-04T07:29:50+00:00 CRITICAL Uncaught Error: Failed opening required '/var/www/wordpress/vendor/stripe/stripe-php/init.php' (include_path='.:/usr/local/lib/php') in /var/www/wordpress/wp-content/themes/storefront-child/functions.php:122
Stack trace:
#0 /var/www/wordpress/wp-settings.php(585): include()
#1 /var/www/wordpress/wp-config.php(117): require_once('/var/www/wordpr...')
#2 /var/www/wordpress/wp-load.php(50): require_once('/var/www/wordpr...')
#3 /var/www/wordpress/wp-admin/admin-ajax.php(22): require_once('/var/www/wordpr...')
#4 {main}
  thrown in /var/www/wordpress/wp-content/themes/storefront-child/functions.php on line 122

2022-12-04T07:31:50+00:00 CRITICAL Uncaught Error: Failed opening required '/var/www/wordpress/vendor/stripe/stripe-php/init.php' (include_path='.:/usr/local/lib/php') in /var/www/wordpress/wp-content/themes/storefront-child/functions.php:122
Stack trace:
#0 /var/www/wordpress/wp-settings.php(585): include()
#1 /var/www/wordpress/wp-config.php(117): require_once('/var/www/wordpr...')
#2 /var/www/wordpress/wp-load.php(50): require_once('/var/www/wordpr...')
#3 /var/www/wordpress/wp-admin/admin-ajax.php(22): require_once('/var/www/wordpr...')
#4 {main}
  thrown in /var/www/wordpress/wp-content/themes/storefront-child/functions.php on line 122

2022-12-04T07:33:50+00:00 CRITICAL Uncaught Error: Failed opening required '/var/www/wordpress/vendor/stripe/stripe-php/init.php' (include_path='.:/usr/local/lib/php') in /var/www/wordpress/wp-content/themes/storefront-child/functions.php:122
Stack trace:
#0 /var/www/wordpress/wp-settings.php(585): include()
#1 /var/www/wordpress/wp-config.php(117): require_once('/var/www/wordpr...')
#2 /var/www/wordpress/wp-load.php(50): require_once('/var/www/wordpr...')
#3 /var/www/wordpress/wp-admin/admin-ajax.php(22): require_once('/var/www/wordpr...')
#4 {main}
  thrown in /var/www/wordpress/wp-content/themes/storefront-child/functions.php on line 122

2022-12-04T07:34:38+00:00 CRITICAL Uncaught Error: Class "Stripe\StripeClient" not found in /var/www/wordpress/wp-content/themes/storefront-child/functions.php:127
Stack trace:
#0 /var/www/wordpress/wp-content/themes/storefront-child/woocommerce/checkout/form-checkout.php(66): a()
#1 /var/www/wordpress/wp-content/plugins/woocommerce/includes/wc-core-functions.php(345): include('/var/www/wordpr...')
#2 /var/www/wordpress/wp-content/plugins/woocommerce/includes/shortcodes/class-wc-shortcode-checkout.php(316): wc_get_template('checkout/form-c...', Array)
#3 /var/www/wordpress/wp-content/plugins/woocommerce/includes/shortcodes/class-wc-shortcode-checkout.php(67): WC_Shortcode_Checkout::checkout()
#4 /var/www/wordpress/wp-content/plugins/woocommerce/includes/class-wc-shortcodes.php(72): WC_Shortcode_Checkout::output('')
#5 /var/www/wordpress/wp-content/plugins/woocommerce/includes/class-wc-shortcodes.php(95): WC_Shortcodes::shortcode_wrapper(Array, '')
#6 /var/www/wordpress/wp-includes/shortcodes.php(355): WC_Shortcodes::checkout('', '', 'woocommerce_che...')
#7 [internal function]: do_shortcode_tag(Array)
#8 /var/www/wordpress/wp-includes/shortcodes.php(227): preg_replace_callback('/\\[(\\[?)(woocom...', 'do_shortcode_ta...', '[woocommerce_ch...')
#9 /var/www/wordpress/wp-includes/class-wp-hook.php(308): do_shortcode('[woocommerce_ch...')
#10 /var/www/wordpress/wp-includes/plugin.php(205): WP_Hook->apply_filters('[woocommerce_ch...', Array)
#11 /var/www/wordpress/wp-includes/post-template.php(255): apply_filters('the_content', '<!-- wp:shortco...')
#12 /var/www/wordpress/wp-content/themes/storefront/inc/storefront-template-functions.php(352): the_content()
#13 /var/www/wordpress/wp-includes/class-wp-hook.php(308): storefront_page_content('')
#14 /var/www/wordpress/wp-includes/class-wp-hook.php(332): WP_Hook->apply_filters(NULL, Array)
#15 /var/www/wordpress/wp-includes/plugin.php(517): WP_Hook->do_action(Array)
#16 /var/www/wordpress/wp-content/themes/storefront/content-page.php(18): do_action('storefront_page')
#17 /var/www/wordpress/wp-includes/template.php(785): require('/var/www/wordpr...')
#18 /var/www/wordpress/wp-includes/template.php(718): load_template('/var/www/wordpr...', false, Array)
#19 /var/www/wordpress/wp-includes/general-template.php(204): locate_template(Array, true, false, Array)
#20 /var/www/wordpress/wp-content/themes/storefront/page.php(24): get_template_part('content', 'page')
#21 /var/www/wordpress/wp-includes/template-loader.php(106): include('/var/www/wordpr...')
#22 /var/www/wordpress/wp-blog-header.php(19): require_once('/var/www/wordpr...')
#23 /var/www/wordpress/index.php(17): require('/var/www/wordpr...')
#24 {main}
  thrown in /var/www/wordpress/wp-content/themes/storefront-child/functions.php on line 127

2022-12-04T07:34:51+00:00 CRITICAL Uncaught Error: Class "Stripe\StripeClient" not found in /var/www/wordpress/wp-content/themes/storefront-child/functions.php:127
Stack trace:
#0 /var/www/wordpress/wp-content/themes/storefront-child/woocommerce/checkout/form-checkout.php(66): a()
#1 /var/www/wordpress/wp-content/plugins/woocommerce/includes/wc-core-functions.php(345): include('/var/www/wordpr...')
#2 /var/www/wordpress/wp-content/plugins/woocommerce/includes/shortcodes/class-wc-shortcode-checkout.php(316): wc_get_template('checkout/form-c...', Array)
#3 /var/www/wordpress/wp-content/plugins/woocommerce/includes/shortcodes/class-wc-shortcode-checkout.php(67): WC_Shortcode_Checkout::checkout()
#4 /var/www/wordpress/wp-content/plugins/woocommerce/includes/class-wc-shortcodes.php(72): WC_Shortcode_Checkout::output('')
#5 /var/www/wordpress/wp-content/plugins/woocommerce/includes/class-wc-shortcodes.php(95): WC_Shortcodes::shortcode_wrapper(Array, '')
#6 /var/www/wordpress/wp-includes/shortcodes.php(355): WC_Shortcodes::checkout('', '', 'woocommerce_che...')
#7 [internal function]: do_shortcode_tag(Array)
#8 /var/www/wordpress/wp-includes/shortcodes.php(227): preg_replace_callback('/\\[(\\[?)(woocom...', 'do_shortcode_ta...', '[woocommerce_ch...')
#9 /var/www/wordpress/wp-includes/class-wp-hook.php(308): do_shortcode('[woocommerce_ch...')
#10 /var/www/wordpress/wp-includes/plugin.php(205): WP_Hook->apply_filters('[woocommerce_ch...', Array)
#11 /var/www/wordpress/wp-includes/post-template.php(255): apply_filters('the_content', '<!-- wp:shortco...')
#12 /var/www/wordpress/wp-content/themes/storefront/inc/storefront-template-functions.php(352): the_content()
#13 /var/www/wordpress/wp-includes/class-wp-hook.php(308): storefront_page_content('')
#14 /var/www/wordpress/wp-includes/class-wp-hook.php(332): WP_Hook->apply_filters(NULL, Array)
#15 /var/www/wordpress/wp-includes/plugin.php(517): WP_Hook->do_action(Array)
#16 /var/www/wordpress/wp-content/themes/storefront/content-page.php(18): do_action('storefront_page')
#17 /var/www/wordpress/wp-includes/template.php(785): require('/var/www/wordpr...')
#18 /var/www/wordpress/wp-includes/template.php(718): load_template('/var/www/wordpr...', false, Array)
#19 /var/www/wordpress/wp-includes/general-template.php(204): locate_template(Array, true, false, Array)
#20 /var/www/wordpress/wp-content/themes/storefront/page.php(24): get_template_part('content', 'page')
#21 /var/www/wordpress/wp-includes/template-loader.php(106): include('/var/www/wordpr...')
#22 /var/www/wordpress/wp-blog-header.php(19): require_once('/var/www/wordpr...')
#23 /var/www/wordpress/index.php(17): require('/var/www/wordpr...')
#24 {main}
  thrown in /var/www/wordpress/wp-content/themes/storefront-child/functions.php on line 127

2022-12-04T07:34:57+00:00 CRITICAL Uncaught Error: Class "Stripe\StripeClient" not found in /var/www/wordpress/wp-content/themes/storefront-child/functions.php:127
Stack trace:
#0 /var/www/wordpress/wp-content/themes/storefront-child/woocommerce/checkout/form-checkout.php(66): a()
#1 /var/www/wordpress/wp-content/plugins/woocommerce/includes/wc-core-functions.php(345): include('/var/www/wordpr...')
#2 /var/www/wordpress/wp-content/plugins/woocommerce/includes/shortcodes/class-wc-shortcode-checkout.php(316): wc_get_template('checkout/form-c...', Array)
#3 /var/www/wordpress/wp-content/plugins/woocommerce/includes/shortcodes/class-wc-shortcode-checkout.php(67): WC_Shortcode_Checkout::checkout()
#4 /var/www/wordpress/wp-content/plugins/woocommerce/includes/class-wc-shortcodes.php(72): WC_Shortcode_Checkout::output('')
#5 /var/www/wordpress/wp-content/plugins/woocommerce/includes/class-wc-shortcodes.php(95): WC_Shortcodes::shortcode_wrapper(Array, '')
#6 /var/www/wordpress/wp-includes/shortcodes.php(355): WC_Shortcodes::checkout('', '', 'woocommerce_che...')
#7 [internal function]: do_shortcode_tag(Array)
#8 /var/www/wordpress/wp-includes/shortcodes.php(227): preg_replace_callback('/\\[(\\[?)(woocom...', 'do_shortcode_ta...', '[woocommerce_ch...')
#9 /var/www/wordpress/wp-includes/class-wp-hook.php(308): do_shortcode('[woocommerce_ch...')
#10 /var/www/wordpress/wp-includes/plugin.php(205): WP_Hook->apply_filters('[woocommerce_ch...', Array)
#11 /var/www/wordpress/wp-includes/post-template.php(255): apply_filters('the_content', '<!-- wp:shortco...')
#12 /var/www/wordpress/wp-content/themes/storefront/inc/storefront-template-functions.php(352): the_content()
#13 /var/www/wordpress/wp-includes/class-wp-hook.php(308): storefront_page_content('')
#14 /var/www/wordpress/wp-includes/class-wp-hook.php(332): WP_Hook->apply_filters(NULL, Array)
#15 /var/www/wordpress/wp-includes/plugin.php(517): WP_Hook->do_action(Array)
#16 /var/www/wordpress/wp-content/themes/storefront/content-page.php(18): do_action('storefront_page')
#17 /var/www/wordpress/wp-includes/template.php(785): require('/var/www/wordpr...')
#18 /var/www/wordpress/wp-includes/template.php(718): load_template('/var/www/wordpr...', false, Array)
#19 /var/www/wordpress/wp-includes/general-template.php(204): locate_template(Array, true, false, Array)
#20 /var/www/wordpress/wp-content/themes/storefront/page.php(24): get_template_part('content', 'page')
#21 /var/www/wordpress/wp-includes/template-loader.php(106): include('/var/www/wordpr...')
#22 /var/www/wordpress/wp-blog-header.php(19): require_once('/var/www/wordpr...')
#23 /var/www/wordpress/index.php(17): require('/var/www/wordpr...')
#24 {main}
  thrown in /var/www/wordpress/wp-content/themes/storefront-child/functions.php on line 127

2022-12-04T09:54:00+00:00 CRITICAL Uncaught TypeError: get_card_by_customer_id(): Argument #1 ($customerId) must be of type string, array given, called in /var/www/wordpress/wp-content/themes/storefront-child/functions.php on line 145 and defined in /var/www/wordpress/wp-content/themes/storefront-child/functions.php:151
Stack trace:
#0 /var/www/wordpress/wp-content/themes/storefront-child/functions.php(145): get_card_by_customer_id(Array)
#1 /var/www/wordpress/wp-content/themes/storefront-child/woocommerce/checkout/form-checkout.php(66): a()
#2 /var/www/wordpress/wp-content/plugins/woocommerce/includes/wc-core-functions.php(345): include('/var/www/wordpr...')
#3 /var/www/wordpress/wp-content/plugins/woocommerce/includes/shortcodes/class-wc-shortcode-checkout.php(316): wc_get_template('checkout/form-c...', Array)
#4 /var/www/wordpress/wp-content/plugins/woocommerce/includes/shortcodes/class-wc-shortcode-checkout.php(67): WC_Shortcode_Checkout::checkout()
#5 /var/www/wordpress/wp-content/plugins/woocommerce/includes/class-wc-shortcodes.php(72): WC_Shortcode_Checkout::output('')
#6 /var/www/wordpress/wp-content/plugins/woocommerce/includes/class-wc-shortcodes.php(95): WC_Shortcodes::shortcode_wrapper(Array, '')
#7 /var/www/wordpress/wp-includes/shortcodes.php(355): WC_Shortcodes::checkout('', '', 'woocommerce_che...')
#8 [internal function]: do_shortcode_tag(Array)
#9 /var/www/wordpress/wp-includes/shortcodes.php(227): preg_replace_callback('/\\[(\\[?)(woocom...', 'do_shortcode_ta...', '[woocommerce_ch...')
#10 /var/www/wordpress/wp-includes/class-wp-hook.php(308): do_shortcode('[woocommerce_ch...')
#11 /var/www/wordpress/wp-includes/plugin.php(205): WP_Hook->apply_filters('[woocommerce_ch...', Array)
#12 /var/www/wordpress/wp-includes/post-template.php(255): apply_filters('the_content', '<!-- wp:shortco...')
#13 /var/www/wordpress/wp-content/themes/storefront/inc/storefront-template-functions.php(352): the_content()
#14 /var/www/wordpress/wp-includes/class-wp-hook.php(308): storefront_page_content('')
#15 /var/www/wordpress/wp-includes/class-wp-hook.php(332): WP_Hook->apply_filters(NULL, Array)
#16 /var/www/wordpress/wp-includes/plugin.php(517): WP_Hook->do_action(Array)
#17 /var/www/wordpress/wp-content/themes/storefront/content-page.php(18): do_action('storefront_page')
#18 /var/www/wordpress/wp-includes/template.php(785): require('/var/www/wordpr...')
#19 /var/www/wordpress/wp-includes/template.php(718): load_template('/var/www/wordpr...', false, Array)
#20 /var/www/wordpress/wp-includes/general-template.php(204): locate_template(Array, true, false, Array)
#21 /var/www/wordpress/wp-content/themes/storefront/page.php(24): get_template_part('content', 'page')
#22 /var/www/wordpress/wp-includes/template-loader.php(106): include('/var/www/wordpr...')
#23 /var/www/wordpress/wp-blog-header.php(19): require_once('/var/www/wordpr...')
#24 /var/www/wordpress/index.php(17): require('/var/www/wordpr...')
#25 {main}
  thrown in /var/www/wordpress/wp-content/themes/storefront-child/functions.php on line 151

2022-12-04T09:54:11+00:00 CRITICAL Uncaught TypeError: get_card_by_customer_id(): Argument #1 ($customerId) must be of type string, array given, called in /var/www/wordpress/wp-content/themes/storefront-child/functions.php on line 145 and defined in /var/www/wordpress/wp-content/themes/storefront-child/functions.php:151
Stack trace:
#0 /var/www/wordpress/wp-content/themes/storefront-child/functions.php(145): get_card_by_customer_id(Array)
#1 /var/www/wordpress/wp-content/themes/storefront-child/woocommerce/checkout/form-checkout.php(66): a()
#2 /var/www/wordpress/wp-content/plugins/woocommerce/includes/wc-core-functions.php(345): include('/var/www/wordpr...')
#3 /var/www/wordpress/wp-content/plugins/woocommerce/includes/shortcodes/class-wc-shortcode-checkout.php(316): wc_get_template('checkout/form-c...', Array)
#4 /var/www/wordpress/wp-content/plugins/woocommerce/includes/shortcodes/class-wc-shortcode-checkout.php(67): WC_Shortcode_Checkout::checkout()
#5 /var/www/wordpress/wp-content/plugins/woocommerce/includes/class-wc-shortcodes.php(72): WC_Shortcode_Checkout::output('')
#6 /var/www/wordpress/wp-content/plugins/woocommerce/includes/class-wc-shortcodes.php(95): WC_Shortcodes::shortcode_wrapper(Array, '')
#7 /var/www/wordpress/wp-includes/shortcodes.php(355): WC_Shortcodes::checkout('', '', 'woocommerce_che...')
#8 [internal function]: do_shortcode_tag(Array)
#9 /var/www/wordpress/wp-includes/shortcodes.php(227): preg_replace_callback('/\\[(\\[?)(woocom...', 'do_shortcode_ta...', '[woocommerce_ch...')
#10 /var/www/wordpress/wp-includes/class-wp-hook.php(308): do_shortcode('[woocommerce_ch...')
#11 /var/www/wordpress/wp-includes/plugin.php(205): WP_Hook->apply_filters('[woocommerce_ch...', Array)
#12 /var/www/wordpress/wp-includes/post-template.php(255): apply_filters('the_content', '<!-- wp:shortco...')
#13 /var/www/wordpress/wp-content/themes/storefront/inc/storefront-template-functions.php(352): the_content()
#14 /var/www/wordpress/wp-includes/class-wp-hook.php(308): storefront_page_content('')
#15 /var/www/wordpress/wp-includes/class-wp-hook.php(332): WP_Hook->apply_filters(NULL, Array)
#16 /var/www/wordpress/wp-includes/plugin.php(517): WP_Hook->do_action(Array)
#17 /var/www/wordpress/wp-content/themes/storefront/content-page.php(18): do_action('storefront_page')
#18 /var/www/wordpress/wp-includes/template.php(785): require('/var/www/wordpr...')
#19 /var/www/wordpress/wp-includes/template.php(718): load_template('/var/www/wordpr...', false, Array)
#20 /var/www/wordpress/wp-includes/general-template.php(204): locate_template(Array, true, false, Array)
#21 /var/www/wordpress/wp-content/themes/storefront/page.php(24): get_template_part('content', 'page')
#22 /var/www/wordpress/wp-includes/template-loader.php(106): include('/var/www/wordpr...')
#23 /var/www/wordpress/wp-blog-header.php(19): require_once('/var/www/wordpr...')
#24 /var/www/wordpress/index.php(17): require('/var/www/wordpr...')
#25 {main}
  thrown in /var/www/wordpress/wp-content/themes/storefront-child/functions.php on line 151

